<?xml version="1.0" encoding="UTF-8" standalone="no"?>
<!DOCTYPE log SYSTEM "logger.dtd">
<log>
<record>
  <date>2020-10-05T23:00:57</date>
  <millis>1601953257058</millis>
  <sequence>0</sequence>
  <level>START</level>
  <class>com.kms.katalon.core.logging.XmlKeywordLogger</class>
  <method>startSuite</method>
  <thread>1</thread>
  <message>Start Test Suite : Test Suites/A\u00F1adir producto Carrito Amazon</message>
  <nestedLevel>0</nestedLevel>
  <property name="name">A\u00F1adir producto Carrito Amazon</property>
  <property name="description"></property>
  <property name="id">Test Suites/A\u00F1adir producto Carrito Amazon</property>
</record>
<record>
  <date>2020-10-05T23:00:57</date>
  <millis>1601953257080</millis>
  <sequence>1</sequence>
  <level>RUN_DATA</level>
  <class>com.kms.katalon.core.logging.XmlKeywordLogger</class>
  <method>logMessage</method>
  <thread>1</thread>
  <message>hostName = Karina - DESKTOP-LK08F6R</message>
  <nestedLevel>0</nestedLevel>
  <property name="hostName">Karina - DESKTOP-LK08F6R</property>
</record>
<record>
  <date>2020-10-05T23:00:57</date>
  <millis>1601953257081</millis>
  <sequence>2</sequence>
  <level>RUN_DATA</level>
  <class>com.kms.katalon.core.logging.XmlKeywordLogger</class>
  <method>logMessage</method>
  <thread>1</thread>
  <message>os = Windows 10 64bit</message>
  <nestedLevel>0</nestedLevel>
  <property name="os">Windows 10 64bit</property>
</record>
<record>
  <date>2020-10-05T23:00:57</date>
  <millis>1601953257083</millis>
  <sequence>3</sequence>
  <level>RUN_DATA</level>
  <class>com.kms.katalon.core.logging.XmlKeywordLogger</class>
  <method>logMessage</method>
  <thread>1</thread>
  <message>hostAddress = 172.20.10.8</message>
  <nestedLevel>0</nestedLevel>
  <property name="hostAddress">172.20.10.8</property>
</record>
<record>
  <date>2020-10-05T23:00:57</date>
  <millis>1601953257097</millis>
  <sequence>4</sequence>
  <level>RUN_DATA</level>
  <class>com.kms.katalon.core.logging.XmlKeywordLogger</class>
  <method>logMessage</method>
  <thread>1</thread>
  <message>katalonVersion = 7.5.5.1</message>
  <nestedLevel>0</nestedLevel>
  <property name="katalonVersion">7.5.5.1</property>
</record>
<record>
  <date>2020-10-05T23:00:57</date>
  <millis>1601953257107</millis>
  <sequence>5</sequence>
  <level>START</level>
  <class>com.kms.katalon.core.logging.XmlKeywordLogger</class>
  <method>startKeyword</method>
  <thread>1</thread>
  <message>Start listener action : beforeExportKatalonReports</message>
  <nestedLevel>0</nestedLevel>
</record>
<record>
  <date>2020-10-05T23:00:57</date>
  <millis>1601953257121</millis>
  <sequence>7</sequence>
  <level>INFO</level>
  <class>com.kms.katalon.core.logging.XmlKeywordLogger</class>
  <method>logMessage</method>
  <thread>1</thread>
  <message>This Katalon Studio version has been deprecated. Please upgrade Katalon Studio to the latest version.</message>
  <nestedLevel>0</nestedLevel>
</record>
<record>
  <date>2020-10-05T23:00:57</date>
  <millis>1601953257122</millis>
  <sequence>9</sequence>
  <level>END</level>
  <class>com.kms.katalon.core.logging.XmlKeywordLogger</class>
  <method>endKeyword</method>
  <thread>1</thread>
  <message>End listener action : beforeExportKatalonReports</message>
  <nestedLevel>0</nestedLevel>
</record>
<record>
  <date>2020-10-05T23:00:57</date>
  <millis>1601953257489</millis>
  <sequence>10</sequence>
  <level>START</level>
  <class>com.kms.katalon.core.logging.XmlKeywordLogger</class>
  <method>startTest</method>
  <thread>1</thread>
  <message>Start Test Case : Test Cases/A\u00F1adir Producto al Carrito/A\u00F1adir Producto por Seccion Categorias</message>
  <nestedLevel>1</nestedLevel>
  <property name="name">Test Cases/A\u00F1adir Producto al Carrito/A\u00F1adir Producto por Seccion Categorias</property>
  <property name="description"></property>
  <property name="id">Test Cases/A\u00F1adir Producto al Carrito/A\u00F1adir Producto por Seccion Categorias</property>
  <property name="source">C:\\Users\\Karina\\Desktop\\Automation-Test-Oriontek\\Test Cases\\A\u00F1adir Producto al Carrito\\A\u00F1adir Producto por Seccion Categorias.tc</property>
  <property name="tag"></property>
  <property name="isOptional">false</property>
</record>
<record>
  <date>2020-10-05T23:00:57</date>
  <millis>1601953257687</millis>
  <sequence>12</sequence>
  <level>INFO</level>
  <class>com.kms.katalon.core.logging.XmlKeywordLogger</class>
  <method>logMessage</method>
  <thread>1</thread>
  <message>(Default) colorMediaRosado = Girl Stripes</message>
  <nestedLevel>1</nestedLevel>
</record>
<record>
  <date>2020-10-05T23:00:58</date>
  <millis>1601953258388</millis>
  <sequence>13</sequence>
  <level>START</level>
  <class>com.kms.katalon.core.logging.XmlKeywordLogger</class>
  <method>startKeyword</method>
  <thread>1</thread>
  <message>Start action : openBrowser(\&amp;quot;\&amp;quot;)</message>
  <nestedLevel>1</nestedLevel>
  <property name="startLine">19</property>
  <property name="stepIndex">1</property>
</record>
<record>
  <date>2020-10-05T23:00:58</date>
  <millis>1601953258804</millis>
  <sequence>15</sequence>
  <level>INFO</level>
  <class>com.kms.katalon.core.logging.XmlKeywordLogger</class>
  <method>logMessage</method>
  <thread>1</thread>
  <message>Starting &amp;apos;Chrome&amp;apos; driver</message>
  <nestedLevel>1</nestedLevel>
</record>
<record>
  <date>2020-10-05T23:00:58</date>
  <millis>1601953258914</millis>
  <sequence>17</sequence>
  <level>INFO</level>
  <class>com.kms.katalon.core.logging.XmlKeywordLogger</class>
  <method>logMessage</method>
  <thread>1</thread>
  <message>Action delay is set to 0 milliseconds</message>
  <nestedLevel>1</nestedLevel>
</record>
<record>
  <date>2020-10-05T23:01:04</date>
  <millis>1601953264109</millis>
  <sequence>19</sequence>
  <level>RUN_DATA</level>
  <class>com.kms.katalon.core.logging.XmlKeywordLogger</class>
  <method>logMessage</method>
  <thread>1</thread>
  <message>sessionId = de65eadcf097e6ffba925cf886642806</message>
  <nestedLevel>1</nestedLevel>
  <property name="sessionId">de65eadcf097e6ffba925cf886642806</property>
</record>
<record>
  <date>2020-10-05T23:01:04</date>
  <millis>1601953264137</millis>
  <sequence>20</sequence>
  <level>RUN_DATA</level>
  <class>com.kms.katalon.core.logging.XmlKeywordLogger</class>
  <method>logMessage</method>
  <thread>1</thread>
  <message>browser = Chrome 85.0.4183.121</message>
  <nestedLevel>1</nestedLevel>
  <property name="browser">Chrome 85.0.4183.121</property>
</record>
<record>
  <date>2020-10-05T23:01:04</date>
  <millis>1601953264139</millis>
  <sequence>21</sequence>
  <level>RUN_DATA</level>
  <class>com.kms.katalon.core.logging.XmlKeywordLogger</class>
  <method>logMessage</method>
  <thread>1</thread>
  <message>platform = Windows 10</message>
  <nestedLevel>1</nestedLevel>
  <property name="platform">Windows 10</property>
</record>
<record>
  <date>2020-10-05T23:01:04</date>
  <millis>1601953264141</millis>
  <sequence>22</sequence>
  <level>RUN_DATA</level>
  <class>com.kms.katalon.core.logging.XmlKeywordLogger</class>
  <method>logMessage</method>
  <thread>1</thread>
  <message>seleniumVersion = 3.141.59</message>
  <nestedLevel>1</nestedLevel>
  <property name="seleniumVersion">3.141.59</property>
</record>
<record>
  <date>2020-10-05T23:01:04</date>
  <millis>1601953264143</millis>
  <sequence>23</sequence>
  <level>RUN_DATA</level>
  <class>com.kms.katalon.core.logging.XmlKeywordLogger</class>
  <method>logMessage</method>
  <thread>1</thread>
  <message>proxyInformation = ProxyInformation { proxyOption=NO_PROXY, proxyServerType=HTTP, username=, password=********, proxyServerAddress=, proxyServerPort=0, executionList=\&amp;quot;\&amp;quot;, isApplyToDesiredCapabilities=true }</message>
  <nestedLevel>1</nestedLevel>
  <property name="proxyInformation">ProxyInformation { proxyOption=NO_PROXY, proxyServerType=HTTP, username=, password=********, proxyServerAddress=, proxyServerPort=0, executionList=\&quot;\&quot;, isApplyToDesiredCapabilities=true }</property>
</record>
<record>
  <date>2020-10-05T23:01:04</date>
  <millis>1601953264172</millis>
  <sequence>24</sequence>
  <level>PASSED</level>
  <class>com.kms.katalon.core.logging.XmlKeywordLogger</class>
  <method>logMessage</method>
  <thread>1</thread>
  <message>Browser is opened with url: &amp;apos;&amp;apos;</message>
  <nestedLevel>1</nestedLevel>
</record>
<record>
  <date>2020-10-05T23:01:04</date>
  <millis>1601953264173</millis>
  <sequence>25</sequence>
  <level>END</level>
  <class>com.kms.katalon.core.logging.XmlKeywordLogger</class>
  <method>endKeyword</method>
  <thread>1</thread>
  <message>End action : openBrowser(\&amp;quot;\&amp;quot;)</message>
  <nestedLevel>1</nestedLevel>
</record>
<record>
  <date>2020-10-05T23:01:04</date>
  <millis>1601953264173</millis>
  <sequence>26</sequence>
  <level>START</level>
  <class>com.kms.katalon.core.logging.XmlKeywordLogger</class>
  <method>startKeyword</method>
  <thread>1</thread>
  <message>Start action : navigateToUrl(\&amp;quot;https://www.amazon.com/\&amp;quot;)</message>
  <nestedLevel>1</nestedLevel>
  <property name="startLine">21</property>
  <property name="stepIndex">2</property>
</record>
<record>
  <date>2020-10-05T23:01:09</date>
  <millis>1601953269199</millis>
  <sequence>29</sequence>
  <level>PASSED</level>
  <class>com.kms.katalon.core.logging.XmlKeywordLogger</class>
  <method>logMessage</method>
  <thread>1</thread>
  <message>Navigate to &amp;apos;https://www.amazon.com/&amp;apos; successfully</message>
  <nestedLevel>1</nestedLevel>
</record>
<record>
  <date>2020-10-05T23:01:09</date>
  <millis>1601953269200</millis>
  <sequence>30</sequence>
  <level>END</level>
  <class>com.kms.katalon.core.logging.XmlKeywordLogger</class>
  <method>endKeyword</method>
  <thread>1</thread>
  <message>End action : navigateToUrl(\&amp;quot;https://www.amazon.com/\&amp;quot;)</message>
  <nestedLevel>1</nestedLevel>
</record>
<record>
  <date>2020-10-05T23:01:09</date>
  <millis>1601953269200</millis>
  <sequence>31</sequence>
  <level>START</level>
  <class>com.kms.katalon.core.logging.XmlKeywordLogger</class>
  <method>startKeyword</method>
  <thread>1</thread>
  <message>Start action : maximizeWindow()</message>
  <nestedLevel>1</nestedLevel>
  <property name="startLine">23</property>
  <property name="stepIndex">3</property>
</record>
<record>
  <date>2020-10-05T23:01:11</date>
  <millis>1601953271660</millis>
  <sequence>33</sequence>
  <level>PASSED</level>
  <class>com.kms.katalon.core.logging.XmlKeywordLogger</class>
  <method>logMessage</method>
  <thread>1</thread>
  <message>Current window maximized</message>
  <nestedLevel>1</nestedLevel>
</record>
<record>
  <date>2020-10-05T23:01:11</date>
  <millis>1601953271662</millis>
  <sequence>34</sequence>
  <level>END</level>
  <class>com.kms.katalon.core.logging.XmlKeywordLogger</class>
  <method>endKeyword</method>
  <thread>1</thread>
  <message>End action : maximizeWindow()</message>
  <nestedLevel>1</nestedLevel>
</record>
<record>
  <date>2020-10-05T23:01:11</date>
  <millis>1601953271662</millis>
  <sequence>35</sequence>
  <level>START</level>
  <class>com.kms.katalon.core.logging.XmlKeywordLogger</class>
  <method>startKeyword</method>
  <thread>1</thread>
  <message>Start action : if (waitForElementPresent(findTestObject(\&amp;quot;A\u00F1adir Producto al Carrito/A\u00F1adir producto por Categoria/click_Nav_Menu\&amp;quot;), timeOut))</message>
  <nestedLevel>1</nestedLevel>
  <property name="startLine">25</property>
  <property name="stepIndex">4</property>
</record>
<record>
  <date>2020-10-05T23:01:14</date>
  <millis>1601953274629</millis>
  <sequence>43</sequence>
  <level>PASSED</level>
  <class>com.kms.katalon.core.logging.XmlKeywordLogger</class>
  <method>logMessage</method>
  <thread>1</thread>
  <message>Object &amp;apos;Object Repository/A\u00F1adir Producto al Carrito/A\u00F1adir producto por Categoria/click_Nav_Menu&amp;apos; is present</message>
  <nestedLevel>1</nestedLevel>
</record>
<record>
  <date>2020-10-05T23:01:14</date>
  <millis>1601953274630</millis>
  <sequence>44</sequence>
  <level>START</level>
  <class>com.kms.katalon.core.logging.XmlKeywordLogger</class>
  <method>startKeyword</method>
  <thread>1</thread>
  <message>Start action : click(findTestObject(\&amp;quot;A\u00F1adir Producto al Carrito/A\u00F1adir producto por Categoria/click_Nav_Menu\&amp;quot;))</message>
  <nestedLevel>2</nestedLevel>
  <property name="startLine">27</property>
  <property name="stepIndex">1</property>
</record>
<record>
  <date>2020-10-05T23:01:15</date>
  <millis>1601953275534</millis>
  <sequence>53</sequence>
  <level>PASSED</level>
  <class>com.kms.katalon.core.logging.XmlKeywordLogger</class>
  <method>logMessage</method>
  <thread>1</thread>
  <message>Object: &amp;apos;Object Repository/A\u00F1adir Producto al Carrito/A\u00F1adir producto por Categoria/click_Nav_Menu&amp;apos; is clicked on</message>
  <nestedLevel>1</nestedLevel>
</record>
<record>
  <date>2020-10-05T23:01:15</date>
  <millis>1601953275535</millis>
  <sequence>54</sequence>
  <level>END</level>
  <class>com.kms.katalon.core.logging.XmlKeywordLogger</class>
  <method>endKeyword</method>
  <thread>1</thread>
  <message>End action : click(findTestObject(\&amp;quot;A\u00F1adir Producto al Carrito/A\u00F1adir producto por Categoria/click_Nav_Menu\&amp;quot;))</message>
  <nestedLevel>2</nestedLevel>
</record>
<record>
  <date>2020-10-05T23:01:15</date>
  <millis>1601953275535</millis>
  <sequence>55</sequence>
  <level>END</level>
  <class>com.kms.katalon.core.logging.XmlKeywordLogger</class>
  <method>endKeyword</method>
  <thread>1</thread>
  <message>End action : if (waitForElementPresent(findTestObject(\&amp;quot;A\u00F1adir Producto al Carrito/A\u00F1adir producto por Categoria/click_Nav_Menu\&amp;quot;), timeOut))</message>
  <nestedLevel>1</nestedLevel>
</record>
<record>
  <date>2020-10-05T23:01:15</date>
  <millis>1601953275536</millis>
  <sequence>56</sequence>
  <level>START</level>
  <class>com.kms.katalon.core.logging.XmlKeywordLogger</class>
  <method>startKeyword</method>
  <thread>1</thread>
  <message>Start action : if (waitForElementPresent(findTestObject(\&amp;quot;A\u00F1adir Producto al Carrito/A\u00F1adir producto por Categoria/click_Bebe_Categoria\&amp;quot;), timeOut))</message>
  <nestedLevel>1</nestedLevel>
  <property name="startLine">32</property>
  <property name="stepIndex">6</property>
</record>
<record>
  <date>2020-10-05T23:01:16</date>
  <millis>1601953276416</millis>
  <sequence>64</sequence>
  <level>PASSED</level>
  <class>com.kms.katalon.core.logging.XmlKeywordLogger</class>
  <method>logMessage</method>
  <thread>1</thread>
  <message>Object &amp;apos;Object Repository/A\u00F1adir Producto al Carrito/A\u00F1adir producto por Categoria/click_Bebe_Categoria&amp;apos; is present</message>
  <nestedLevel>1</nestedLevel>
</record>
<record>
  <date>2020-10-05T23:01:16</date>
  <millis>1601953276418</millis>
  <sequence>65</sequence>
  <level>START</level>
  <class>com.kms.katalon.core.logging.XmlKeywordLogger</class>
  <method>startKeyword</method>
  <thread>1</thread>
  <message>Start action : click(findTestObject(\&amp;quot;A\u00F1adir Producto al Carrito/A\u00F1adir producto por Categoria/click_Bebe_Categoria\&amp;quot;))</message>
  <nestedLevel>2</nestedLevel>
  <property name="startLine">34</property>
  <property name="stepIndex">1</property>
</record>
<record>
  <date>2020-10-05T23:01:16</date>
  <millis>1601953276960</millis>
  <sequence>74</sequence>
  <level>PASSED</level>
  <class>com.kms.katalon.core.logging.XmlKeywordLogger</class>
  <method>logMessage</method>
  <thread>1</thread>
  <message>Object: &amp;apos;Object Repository/A\u00F1adir Producto al Carrito/A\u00F1adir producto por Categoria/click_Bebe_Categoria&amp;apos; is clicked on</message>
  <nestedLevel>1</nestedLevel>
</record>
<record>
  <date>2020-10-05T23:01:16</date>
  <millis>1601953276961</millis>
  <sequence>75</sequence>
  <level>END</level>
  <class>com.kms.katalon.core.logging.XmlKeywordLogger</class>
  <method>endKeyword</method>
  <thread>1</thread>
  <message>End action : click(findTestObject(\&amp;quot;A\u00F1adir Producto al Carrito/A\u00F1adir producto por Categoria/click_Bebe_Categoria\&amp;quot;))</message>
  <nestedLevel>2</nestedLevel>
</record>
<record>
  <date>2020-10-05T23:01:16</date>
  <millis>1601953276961</millis>
  <sequence>76</sequence>
  <level>END</level>
  <class>com.kms.katalon.core.logging.XmlKeywordLogger</class>
  <method>endKeyword</method>
  <thread>1</thread>
  <message>End action : if (waitForElementPresent(findTestObject(\&amp;quot;A\u00F1adir Producto al Carrito/A\u00F1adir producto por Categoria/click_Bebe_Categoria\&amp;quot;), timeOut))</message>
  <nestedLevel>1</nestedLevel>
</record>
<record>
  <date>2020-10-05T23:01:16</date>
  <millis>1601953276962</millis>
  <sequence>77</sequence>
  <level>START</level>
  <class>com.kms.katalon.core.logging.XmlKeywordLogger</class>
  <method>startKeyword</method>
  <thread>1</thread>
  <message>Start action : if (waitForElementPresent(findTestObject(\&amp;quot;A\u00F1adir Producto al Carrito/A\u00F1adir producto por Categoria/click_Accesorios\&amp;quot;), timeOut))</message>
  <nestedLevel>1</nestedLevel>
  <property name="startLine">39</property>
  <property name="stepIndex">8</property>
</record>
<record>
  <date>2020-10-05T23:01:17</date>
  <millis>1601953277861</millis>
  <sequence>85</sequence>
  <level>PASSED</level>
  <class>com.kms.katalon.core.logging.XmlKeywordLogger</class>
  <method>logMessage</method>
  <thread>1</thread>
  <message>Object &amp;apos;Object Repository/A\u00F1adir Producto al Carrito/A\u00F1adir producto por Categoria/click_Accesorios&amp;apos; is present</message>
  <nestedLevel>1</nestedLevel>
</record>
<record>
  <date>2020-10-05T23:01:17</date>
  <millis>1601953277862</millis>
  <sequence>86</sequence>
  <level>START</level>
  <class>com.kms.katalon.core.logging.XmlKeywordLogger</class>
  <method>startKeyword</method>
  <thread>1</thread>
  <message>Start action : click(findTestObject(\&amp;quot;A\u00F1adir Producto al Carrito/A\u00F1adir producto por Categoria/click_Accesorios\&amp;quot;))</message>
  <nestedLevel>2</nestedLevel>
  <property name="startLine">41</property>
  <property name="stepIndex">1</property>
</record>
<record>
  <date>2020-10-05T23:01:20</date>
  <millis>1601953280573</millis>
  <sequence>95</sequence>
  <level>PASSED</level>
  <class>com.kms.katalon.core.logging.XmlKeywordLogger</class>
  <method>logMessage</method>
  <thread>1</thread>
  <message>Object: &amp;apos;Object Repository/A\u00F1adir Producto al Carrito/A\u00F1adir producto por Categoria/click_Accesorios&amp;apos; is clicked on</message>
  <nestedLevel>1</nestedLevel>
</record>
<record>
  <date>2020-10-05T23:01:20</date>
  <millis>1601953280573</millis>
  <sequence>96</sequence>
  <level>END</level>
  <class>com.kms.katalon.core.logging.XmlKeywordLogger</class>
  <method>endKeyword</method>
  <thread>1</thread>
  <message>End action : click(findTestObject(\&amp;quot;A\u00F1adir Producto al Carrito/A\u00F1adir producto por Categoria/click_Accesorios\&amp;quot;))</message>
  <nestedLevel>2</nestedLevel>
</record>
<record>
  <date>2020-10-05T23:01:20</date>
  <millis>1601953280574</millis>
  <sequence>97</sequence>
  <level>END</level>
  <class>com.kms.katalon.core.logging.XmlKeywordLogger</class>
  <method>endKeyword</method>
  <thread>1</thread>
  <message>End action : if (waitForElementPresent(findTestObject(\&amp;quot;A\u00F1adir Producto al Carrito/A\u00F1adir producto por Categoria/click_Accesorios\&amp;quot;), timeOut))</message>
  <nestedLevel>1</nestedLevel>
</record>
<record>
  <date>2020-10-05T23:01:20</date>
  <millis>1601953280574</millis>
  <sequence>98</sequence>
  <level>START</level>
  <class>com.kms.katalon.core.logging.XmlKeywordLogger</class>
  <method>startKeyword</method>
  <thread>1</thread>
  <message>Start action : if (waitForElementPresent(findTestObject(\&amp;quot;Object Repository/A\u00F1adir Producto al Carrito/A\u00F1adir producto por Categoria/click_Calcetines_Algodon\&amp;quot;), timeOut))</message>
  <nestedLevel>1</nestedLevel>
  <property name="startLine">46</property>
  <property name="stepIndex">10</property>
</record>
<record>
  <date>2020-10-05T23:01:21</date>
  <millis>1601953281359</millis>
  <sequence>106</sequence>
  <level>PASSED</level>
  <class>com.kms.katalon.core.logging.XmlKeywordLogger</class>
  <method>logMessage</method>
  <thread>1</thread>
  <message>Object &amp;apos;Object Repository/A\u00F1adir Producto al Carrito/A\u00F1adir producto por Categoria/click_Calcetines_Algodon&amp;apos; is present</message>
  <nestedLevel>1</nestedLevel>
</record>
<record>
  <date>2020-10-05T23:01:21</date>
  <millis>1601953281360</millis>
  <sequence>107</sequence>
  <level>START</level>
  <class>com.kms.katalon.core.logging.XmlKeywordLogger</class>
  <method>startKeyword</method>
  <thread>1</thread>
  <message>Start action : click(findTestObject(\&amp;quot;Object Repository/A\u00F1adir Producto al Carrito/A\u00F1adir producto por Categoria/click_Calcetines_Algodon\&amp;quot;))</message>
  <nestedLevel>2</nestedLevel>
  <property name="startLine">48</property>
  <property name="stepIndex">1</property>
</record>
<record>
  <date>2020-10-05T23:01:24</date>
  <millis>1601953284519</millis>
  <sequence>116</sequence>
  <level>PASSED</level>
  <class>com.kms.katalon.core.logging.XmlKeywordLogger</class>
  <method>logMessage</method>
  <thread>1</thread>
  <message>Object: &amp;apos;Object Repository/A\u00F1adir Producto al Carrito/A\u00F1adir producto por Categoria/click_Calcetines_Algodon&amp;apos; is clicked on</message>
  <nestedLevel>1</nestedLevel>
</record>
<record>
  <date>2020-10-05T23:01:24</date>
  <millis>1601953284520</millis>
  <sequence>117</sequence>
  <level>END</level>
  <class>com.kms.katalon.core.logging.XmlKeywordLogger</class>
  <method>endKeyword</method>
  <thread>1</thread>
  <message>End action : click(findTestObject(\&amp;quot;Object Repository/A\u00F1adir Producto al Carrito/A\u00F1adir producto por Categoria/click_Calcetines_Algodon\&amp;quot;))</message>
  <nestedLevel>2</nestedLevel>
</record>
<record>
  <date>2020-10-05T23:01:24</date>
  <millis>1601953284520</millis>
  <sequence>118</sequence>
  <level>END</level>
  <class>com.kms.katalon.core.logging.XmlKeywordLogger</class>
  <method>endKeyword</method>
  <thread>1</thread>
  <message>End action : if (waitForElementPresent(findTestObject(\&amp;quot;Object Repository/A\u00F1adir Producto al Carrito/A\u00F1adir producto por Categoria/click_Calcetines_Algodon\&amp;quot;), timeOut))</message>
  <nestedLevel>1</nestedLevel>
</record>
<record>
  <date>2020-10-05T23:01:24</date>
  <millis>1601953284521</millis>
  <sequence>119</sequence>
  <level>START</level>
  <class>com.kms.katalon.core.logging.XmlKeywordLogger</class>
  <method>startKeyword</method>
  <thread>1</thread>
  <message>Start action : if (waitForElementPresent(findTestObject(\&amp;quot;Object Repository/A\u00F1adir Producto al Carrito/A\u00F1adir producto por Categoria/click_Select_Opcion_Size\&amp;quot;), timeOut))</message>
  <nestedLevel>1</nestedLevel>
  <property name="startLine">53</property>
  <property name="stepIndex">12</property>
</record>
<record>
  <date>2020-10-05T23:01:27</date>
  <millis>1601953287202</millis>
  <sequence>127</sequence>
  <level>PASSED</level>
  <class>com.kms.katalon.core.logging.XmlKeywordLogger</class>
  <method>logMessage</method>
  <thread>1</thread>
  <message>Object &amp;apos;Object Repository/A\u00F1adir Producto al Carrito/A\u00F1adir producto por Categoria/click_Select_Opcion_Size&amp;apos; is present</message>
  <nestedLevel>1</nestedLevel>
</record>
<record>
  <date>2020-10-05T23:01:27</date>
  <millis>1601953287203</millis>
  <sequence>128</sequence>
  <level>START</level>
  <class>com.kms.katalon.core.logging.XmlKeywordLogger</class>
  <method>startKeyword</method>
  <thread>1</thread>
  <message>Start action : click(findTestObject(\&amp;quot;Object Repository/A\u00F1adir Producto al Carrito/A\u00F1adir producto por Categoria/click_Select_Opcion_Size\&amp;quot;))</message>
  <nestedLevel>2</nestedLevel>
  <property name="startLine">55</property>
  <property name="stepIndex">1</property>
</record>
<record>
  <date>2020-10-05T23:01:28</date>
  <millis>1601953288070</millis>
  <sequence>137</sequence>
  <level>PASSED</level>
  <class>com.kms.katalon.core.logging.XmlKeywordLogger</class>
  <method>logMessage</method>
  <thread>1</thread>
  <message>Object: &amp;apos;Object Repository/A\u00F1adir Producto al Carrito/A\u00F1adir producto por Categoria/click_Select_Opcion_Size&amp;apos; is clicked on</message>
  <nestedLevel>1</nestedLevel>
</record>
<record>
  <date>2020-10-05T23:01:28</date>
  <millis>1601953288072</millis>
  <sequence>138</sequence>
  <level>END</level>
  <class>com.kms.katalon.core.logging.XmlKeywordLogger</class>
  <method>endKeyword</method>
  <thread>1</thread>
  <message>End action : click(findTestObject(\&amp;quot;Object Repository/A\u00F1adir Producto al Carrito/A\u00F1adir producto por Categoria/click_Select_Opcion_Size\&amp;quot;))</message>
  <nestedLevel>2</nestedLevel>
</record>
<record>
  <date>2020-10-05T23:01:28</date>
  <millis>1601953288072</millis>
  <sequence>139</sequence>
  <level>END</level>
  <class>com.kms.katalon.core.logging.XmlKeywordLogger</class>
  <method>endKeyword</method>
  <thread>1</thread>
  <message>End action : if (waitForElementPresent(findTestObject(\&amp;quot;Object Repository/A\u00F1adir Producto al Carrito/A\u00F1adir producto por Categoria/click_Select_Opcion_Size\&amp;quot;), timeOut))</message>
  <nestedLevel>1</nestedLevel>
</record>
<record>
  <date>2020-10-05T23:01:28</date>
  <millis>1601953288073</millis>
  <sequence>140</sequence>
  <level>START</level>
  <class>com.kms.katalon.core.logging.XmlKeywordLogger</class>
  <method>startKeyword</method>
  <thread>1</thread>
  <message>Start action : if (waitForElementPresent(findTestObject(\&amp;quot;Object Repository/A\u00F1adir Producto al Carrito/A\u00F1adir producto por Categoria/click_Calcetines_Size\&amp;quot;), timeOut))</message>
  <nestedLevel>1</nestedLevel>
  <property name="startLine">60</property>
  <property name="stepIndex">14</property>
</record>
<record>
  <date>2020-10-05T23:01:28</date>
  <millis>1601953288946</millis>
  <sequence>148</sequence>
  <level>PASSED</level>
  <class>com.kms.katalon.core.logging.XmlKeywordLogger</class>
  <method>logMessage</method>
  <thread>1</thread>
  <message>Object &amp;apos;Object Repository/A\u00F1adir Producto al Carrito/A\u00F1adir producto por Categoria/click_Calcetines_Size&amp;apos; is present</message>
  <nestedLevel>1</nestedLevel>
</record>
<record>
  <date>2020-10-05T23:01:28</date>
  <millis>1601953288947</millis>
  <sequence>149</sequence>
  <level>START</level>
  <class>com.kms.katalon.core.logging.XmlKeywordLogger</class>
  <method>startKeyword</method>
  <thread>1</thread>
  <message>Start action : click(findTestObject(\&amp;quot;Object Repository/A\u00F1adir Producto al Carrito/A\u00F1adir producto por Categoria/click_Calcetines_Size\&amp;quot;))</message>
  <nestedLevel>2</nestedLevel>
  <property name="startLine">62</property>
  <property name="stepIndex">1</property>
</record>
<record>
  <date>2020-10-05T23:01:29</date>
  <millis>1601953289474</millis>
  <sequence>158</sequence>
  <level>PASSED</level>
  <class>com.kms.katalon.core.logging.XmlKeywordLogger</class>
  <method>logMessage</method>
  <thread>1</thread>
  <message>Object: &amp;apos;Object Repository/A\u00F1adir Producto al Carrito/A\u00F1adir producto por Categoria/click_Calcetines_Size&amp;apos; is clicked on</message>
  <nestedLevel>1</nestedLevel>
</record>
<record>
  <date>2020-10-05T23:01:29</date>
  <millis>1601953289475</millis>
  <sequence>159</sequence>
  <level>END</level>
  <class>com.kms.katalon.core.logging.XmlKeywordLogger</class>
  <method>endKeyword</method>
  <thread>1</thread>
  <message>End action : click(findTestObject(\&amp;quot;Object Repository/A\u00F1adir Producto al Carrito/A\u00F1adir producto por Categoria/click_Calcetines_Size\&amp;quot;))</message>
  <nestedLevel>2</nestedLevel>
</record>
<record>
  <date>2020-10-05T23:01:29</date>
  <millis>1601953289476</millis>
  <sequence>160</sequence>
  <level>END</level>
  <class>com.kms.katalon.core.logging.XmlKeywordLogger</class>
  <method>endKeyword</method>
  <thread>1</thread>
  <message>End action : if (waitForElementPresent(findTestObject(\&amp;quot;Object Repository/A\u00F1adir Producto al Carrito/A\u00F1adir producto por Categoria/click_Calcetines_Size\&amp;quot;), timeOut))</message>
  <nestedLevel>1</nestedLevel>
</record>
<record>
  <date>2020-10-05T23:01:29</date>
  <millis>1601953289476</millis>
  <sequence>161</sequence>
  <level>START</level>
  <class>com.kms.katalon.core.logging.XmlKeywordLogger</class>
  <method>startKeyword</method>
  <thread>1</thread>
  <message>Start action : if (waitForElementPresent(findTestObject(\&amp;quot;Object Repository/A\u00F1adir Producto al Carrito/A\u00F1adir producto por Categoria/btn_Color_Calcetines\&amp;quot;), timeOut))</message>
  <nestedLevel>1</nestedLevel>
  <property name="startLine">67</property>
  <property name="stepIndex">16</property>
</record>
<record>
  <date>2020-10-05T23:01:32</date>
  <millis>1601953292844</millis>
  <sequence>169</sequence>
  <level>PASSED</level>
  <class>com.kms.katalon.core.logging.XmlKeywordLogger</class>
  <method>logMessage</method>
  <thread>1</thread>
  <message>Object &amp;apos;Object Repository/A\u00F1adir Producto al Carrito/A\u00F1adir producto por Categoria/btn_Color_Calcetines&amp;apos; is present</message>
  <nestedLevel>1</nestedLevel>
</record>
<record>
  <date>2020-10-05T23:01:32</date>
  <millis>1601953292846</millis>
  <sequence>170</sequence>
  <level>START</level>
  <class>com.kms.katalon.core.logging.XmlKeywordLogger</class>
  <method>startKeyword</method>
  <thread>1</thread>
  <message>Start action : click(findTestObject(\&amp;quot;Object Repository/A\u00F1adir Producto al Carrito/A\u00F1adir producto por Categoria/btn_Color_Calcetines\&amp;quot;))</message>
  <nestedLevel>2</nestedLevel>
  <property name="startLine">69</property>
  <property name="stepIndex">1</property>
</record>
<record>
  <date>2020-10-05T23:01:34</date>
  <millis>1601953294002</millis>
  <sequence>179</sequence>
  <level>PASSED</level>
  <class>com.kms.katalon.core.logging.XmlKeywordLogger</class>
  <method>logMessage</method>
  <thread>1</thread>
  <message>Object: &amp;apos;Object Repository/A\u00F1adir Producto al Carrito/A\u00F1adir producto por Categoria/btn_Color_Calcetines&amp;apos; is clicked on</message>
  <nestedLevel>1</nestedLevel>
</record>
<record>
  <date>2020-10-05T23:01:34</date>
  <millis>1601953294003</millis>
  <sequence>180</sequence>
  <level>END</level>
  <class>com.kms.katalon.core.logging.XmlKeywordLogger</class>
  <method>endKeyword</method>
  <thread>1</thread>
  <message>End action : click(findTestObject(\&amp;quot;Object Repository/A\u00F1adir Producto al Carrito/A\u00F1adir producto por Categoria/btn_Color_Calcetines\&amp;quot;))</message>
  <nestedLevel>2</nestedLevel>
</record>
<record>
  <date>2020-10-05T23:01:34</date>
  <millis>1601953294004</millis>
  <sequence>181</sequence>
  <level>END</level>
  <class>com.kms.katalon.core.logging.XmlKeywordLogger</class>
  <method>endKeyword</method>
  <thread>1</thread>
  <message>End action : if (waitForElementPresent(findTestObject(\&amp;quot;Object Repository/A\u00F1adir Producto al Carrito/A\u00F1adir producto por Categoria/btn_Color_Calcetines\&amp;quot;), timeOut))</message>
  <nestedLevel>1</nestedLevel>
</record>
<record>
  <date>2020-10-05T23:01:34</date>
  <millis>1601953294005</millis>
  <sequence>182</sequence>
  <level>START</level>
  <class>com.kms.katalon.core.logging.XmlKeywordLogger</class>
  <method>startKeyword</method>
  <thread>1</thread>
  <message>Start action : colorSeleccionado = getText(findTestObject(\&amp;quot;Object Repository/A\u00F1adir Producto al Carrito/A\u00F1adir producto por Categoria/label_Color_Seleccionado\&amp;quot;))</message>
  <nestedLevel>1</nestedLevel>
  <property name="startLine">74</property>
  <property name="stepIndex">18</property>
</record>
<record>
  <date>2020-10-05T23:01:37</date>
  <millis>1601953297170</millis>
  <sequence>191</sequence>
  <level>PASSED</level>
  <class>com.kms.katalon.core.logging.XmlKeywordLogger</class>
  <method>logMessage</method>
  <thread>1</thread>
  <message>Text of object &amp;apos;Object Repository/A\u00F1adir Producto al Carrito/A\u00F1adir producto por Categoria/label_Color_Seleccionado&amp;apos; is: &amp;apos;Girl Stripes&amp;apos;</message>
  <nestedLevel>1</nestedLevel>
</record>
<record>
  <date>2020-10-05T23:01:37</date>
  <millis>1601953297171</millis>
  <sequence>192</sequence>
  <level>END</level>
  <class>com.kms.katalon.core.logging.XmlKeywordLogger</class>
  <method>endKeyword</method>
  <thread>1</thread>
  <message>End action : colorSeleccionado = getText(findTestObject(\&amp;quot;Object Repository/A\u00F1adir Producto al Carrito/A\u00F1adir producto por Categoria/label_Color_Seleccionado\&amp;quot;))</message>
  <nestedLevel>1</nestedLevel>
</record>
<record>
  <date>2020-10-05T23:01:37</date>
  <millis>1601953297171</millis>
  <sequence>193</sequence>
  <level>START</level>
  <class>com.kms.katalon.core.logging.XmlKeywordLogger</class>
  <method>startKeyword</method>
  <thread>1</thread>
  <message>Start action : println(colorSeleccionado)</message>
  <nestedLevel>1</nestedLevel>
  <property name="startLine">76</property>
  <property name="stepIndex">19</property>
</record>
<record>
  <date>2020-10-05T23:01:37</date>
  <millis>1601953297176</millis>
  <sequence>194</sequence>
  <level>END</level>
  <class>com.kms.katalon.core.logging.XmlKeywordLogger</class>
  <method>endKeyword</method>
  <thread>1</thread>
  <message>End action : println(colorSeleccionado)</message>
  <nestedLevel>1</nestedLevel>
</record>
<record>
  <date>2020-10-05T23:01:37</date>
  <millis>1601953297176</millis>
  <sequence>195</sequence>
  <level>START</level>
  <class>com.kms.katalon.core.logging.XmlKeywordLogger</class>
  <method>startKeyword</method>
  <thread>1</thread>
  <message>Start action : if (colorSeleccionado == colorMediaRosado)</message>
  <nestedLevel>1</nestedLevel>
  <property name="startLine">78</property>
  <property name="stepIndex">20</property>
</record>
<record>
  <date>2020-10-05T23:01:37</date>
  <millis>1601953297178</millis>
  <sequence>196</sequence>
  <level>START</level>
  <class>com.kms.katalon.core.logging.XmlKeywordLogger</class>
  <method>startKeyword</method>
  <thread>1</thread>
  <message>Start action : println(\&amp;quot;Color correcto!\&amp;quot;)</message>
  <nestedLevel>2</nestedLevel>
  <property name="startLine">79</property>
  <property name="stepIndex">1</property>
</record>
<record>
  <date>2020-10-05T23:01:37</date>
  <millis>1601953297179</millis>
  <sequence>197</sequence>
  <level>END</level>
  <class>com.kms.katalon.core.logging.XmlKeywordLogger</class>
  <method>endKeyword</method>
  <thread>1</thread>
  <message>End action : println(\&amp;quot;Color correcto!\&amp;quot;)</message>
  <nestedLevel>2</nestedLevel>
</record>
<record>
  <date>2020-10-05T23:01:37</date>
  <millis>1601953297179</millis>
  <sequence>198</sequence>
  <level>END</level>
  <class>com.kms.katalon.core.logging.XmlKeywordLogger</class>
  <method>endKeyword</method>
  <thread>1</thread>
  <message>End action : if (colorSeleccionado == colorMediaRosado)</message>
  <nestedLevel>1</nestedLevel>
</record>
<record>
  <date>2020-10-05T23:01:37</date>
  <millis>1601953297179</millis>
  <sequence>199</sequence>
  <level>START</level>
  <class>com.kms.katalon.core.logging.XmlKeywordLogger</class>
  <method>startKeyword</method>
  <thread>1</thread>
  <message>Start action : if (waitForElementPresent(findTestObject(\&amp;quot;Object Repository/A\u00F1adir Producto al Carrito/A\u00F1adir producto por Categoria/btn_A\u00F1adir_Carrito\&amp;quot;), timeOut))</message>
  <nestedLevel>1</nestedLevel>
  <property name="startLine">84</property>
  <property name="stepIndex">22</property>
</record>
<record>
  <date>2020-10-05T23:01:37</date>
  <millis>1601953297670</millis>
  <sequence>207</sequence>
  <level>PASSED</level>
  <class>com.kms.katalon.core.logging.XmlKeywordLogger</class>
  <method>logMessage</method>
  <thread>1</thread>
  <message>Object &amp;apos;Object Repository/A\u00F1adir Producto al Carrito/A\u00F1adir producto por Categoria/btn_A\u00F1adir_Carrito&amp;apos; is present</message>
  <nestedLevel>1</nestedLevel>
</record>
<record>
  <date>2020-10-05T23:01:37</date>
  <millis>1601953297671</millis>
  <sequence>208</sequence>
  <level>START</level>
  <class>com.kms.katalon.core.logging.XmlKeywordLogger</class>
  <method>startKeyword</method>
  <thread>1</thread>
  <message>Start action : click(findTestObject(\&amp;quot;Object Repository/A\u00F1adir Producto al Carrito/A\u00F1adir producto por Categoria/btn_A\u00F1adir_Carrito\&amp;quot;))</message>
  <nestedLevel>2</nestedLevel>
  <property name="startLine">86</property>
  <property name="stepIndex">1</property>
</record>
<record>
  <date>2020-10-05T23:01:39</date>
  <millis>1601953299279</millis>
  <sequence>217</sequence>
  <level>PASSED</level>
  <class>com.kms.katalon.core.logging.XmlKeywordLogger</class>
  <method>logMessage</method>
  <thread>1</thread>
  <message>Object: &amp;apos;Object Repository/A\u00F1adir Producto al Carrito/A\u00F1adir producto por Categoria/btn_A\u00F1adir_Carrito&amp;apos; is clicked on</message>
  <nestedLevel>1</nestedLevel>
</record>
<record>
  <date>2020-10-05T23:01:39</date>
  <millis>1601953299280</millis>
  <sequence>218</sequence>
  <level>END</level>
  <class>com.kms.katalon.core.logging.XmlKeywordLogger</class>
  <method>endKeyword</method>
  <thread>1</thread>
  <message>End action : click(findTestObject(\&amp;quot;Object Repository/A\u00F1adir Producto al Carrito/A\u00F1adir producto por Categoria/btn_A\u00F1adir_Carrito\&amp;quot;))</message>
  <nestedLevel>2</nestedLevel>
</record>
<record>
  <date>2020-10-05T23:01:39</date>
  <millis>1601953299282</millis>
  <sequence>219</sequence>
  <level>END</level>
  <class>com.kms.katalon.core.logging.XmlKeywordLogger</class>
  <method>endKeyword</method>
  <thread>1</thread>
  <message>End action : if (waitForElementPresent(findTestObject(\&amp;quot;Object Repository/A\u00F1adir Producto al Carrito/A\u00F1adir producto por Categoria/btn_A\u00F1adir_Carrito\&amp;quot;), timeOut))</message>
  <nestedLevel>1</nestedLevel>
</record>
<record>
  <date>2020-10-05T23:01:39</date>
  <millis>1601953299282</millis>
  <sequence>220</sequence>
  <level>START</level>
  <class>com.kms.katalon.core.logging.XmlKeywordLogger</class>
  <method>startKeyword</method>
  <thread>1</thread>
  <message>Start action : closeBrowser()</message>
  <nestedLevel>1</nestedLevel>
  <property name="startLine">93</property>
  <property name="stepIndex">24</property>
</record>
<record>
  <date>2020-10-05T23:01:40</date>
  <millis>1601953300261</millis>
  <sequence>222</sequence>
  <level>PASSED</level>
  <class>com.kms.katalon.core.logging.XmlKeywordLogger</class>
  <method>logMessage</method>
  <thread>1</thread>
  <message>Browser is closed</message>
  <nestedLevel>1</nestedLevel>
</record>
<record>
  <date>2020-10-05T23:01:40</date>
  <millis>1601953300261</millis>
  <sequence>223</sequence>
  <level>END</level>
  <class>com.kms.katalon.core.logging.XmlKeywordLogger</class>
  <method>endKeyword</method>
  <thread>1</thread>
  <message>End action : closeBrowser()</message>
  <nestedLevel>1</nestedLevel>
</record>
<record>
  <date>2020-10-05T23:01:40</date>
  <millis>1601953300262</millis>
  <sequence>224</sequence>
  <level>PASSED</level>
  <class>com.kms.katalon.core.logging.XmlKeywordLogger</class>
  <method>logMessage</method>
  <thread>1</thread>
  <message>Test Cases/A\u00F1adir Producto al Carrito/A\u00F1adir Producto por Seccion Categorias</message>
  <nestedLevel>1</nestedLevel>
</record>
<record>
  <date>2020-10-05T23:01:40</date>
  <millis>1601953300264</millis>
  <sequence>225</sequence>
  <level>END</level>
  <class>com.kms.katalon.core.logging.XmlKeywordLogger</class>
  <method>endTest</method>
  <thread>1</thread>
  <message>End Test Case : Test Cases/A\u00F1adir Producto al Carrito/A\u00F1adir Producto por Seccion Categorias</message>
  <nestedLevel>0</nestedLevel>
</record>
<record>
  <date>2020-10-05T23:01:40</date>
  <millis>1601953300285</millis>
  <sequence>226</sequence>
  <level>START</level>
  <class>com.kms.katalon.core.logging.XmlKeywordLogger</class>
  <method>startTest</method>
  <thread>1</thread>
  <message>Start Test Case : Test Cases/A\u00F1adir Producto al Carrito/A\u00F1adir Producto por Barra de Busqueda</message>
  <nestedLevel>1</nestedLevel>
  <property name="name">Test Cases/A\u00F1adir Producto al Carrito/A\u00F1adir Producto por Barra de Busqueda</property>
  <property name="description"></property>
  <property name="id">Test Cases/A\u00F1adir Producto al Carrito/A\u00F1adir Producto por Barra de Busqueda</property>
  <property name="source">C:\\Users\\Karina\\Desktop\\Automation-Test-Oriontek\\Test Cases\\A\u00F1adir Producto al Carrito\\A\u00F1adir Producto por Barra de Busqueda.tc</property>
  <property name="tag"></property>
  <property name="isOptional">false</property>
</record>
<record>
  <date>2020-10-05T23:01:40</date>
  <millis>1601953300377</millis>
  <sequence>228</sequence>
  <level>INFO</level>
  <class>com.kms.katalon.core.logging.XmlKeywordLogger</class>
  <method>logMessage</method>
  <thread>1</thread>
  <message>(Default) colorMediaRosado = Girl Stripes</message>
  <nestedLevel>1</nestedLevel>
</record>
<record>
  <date>2020-10-05T23:01:40</date>
  <millis>1601953300752</millis>
  <sequence>229</sequence>
  <level>START</level>
  <class>com.kms.katalon.core.logging.XmlKeywordLogger</class>
  <method>startKeyword</method>
  <thread>1</thread>
  <message>Start action : openBrowser(\&amp;quot;\&amp;quot;)</message>
  <nestedLevel>1</nestedLevel>
  <property name="startLine">20</property>
  <property name="stepIndex">1</property>
</record>
<record>
  <date>2020-10-05T23:01:40</date>
  <millis>1601953300764</millis>
  <sequence>231</sequence>
  <level>INFO</level>
  <class>com.kms.katalon.core.logging.XmlKeywordLogger</class>
  <method>logMessage</method>
  <thread>1</thread>
  <message>Starting &amp;apos;Chrome&amp;apos; driver</message>
  <nestedLevel>1</nestedLevel>
</record>
<record>
  <date>2020-10-05T23:01:40</date>
  <millis>1601953300768</millis>
  <sequence>233</sequence>
  <level>INFO</level>
  <class>com.kms.katalon.core.logging.XmlKeywordLogger</class>
  <method>logMessage</method>
  <thread>1</thread>
  <message>Action delay is set to 0 milliseconds</message>
  <nestedLevel>1</nestedLevel>
</record>
<record>
  <date>2020-10-05T23:01:44</date>
  <millis>1601953304160</millis>
  <sequence>235</sequence>
  <level>RUN_DATA</level>
  <class>com.kms.katalon.core.logging.XmlKeywordLogger</class>
  <method>logMessage</method>
  <thread>1</thread>
  <message>sessionId = eda170f57d013eaeb627a0994b9128fb</message>
  <nestedLevel>1</nestedLevel>
  <property name="sessionId">eda170f57d013eaeb627a0994b9128fb</property>
</record>
<record>
  <date>2020-10-05T23:01:44</date>
  <millis>1601953304189</millis>
  <sequence>236</sequence>
  <level>RUN_DATA</level>
  <class>com.kms.katalon.core.logging.XmlKeywordLogger</class>
  <method>logMessage</method>
  <thread>1</thread>
  <message>browser = Chrome 85.0.4183.121</message>
  <nestedLevel>1</nestedLevel>
  <property name="browser">Chrome 85.0.4183.121</property>
</record>
<record>
  <date>2020-10-05T23:01:44</date>
  <millis>1601953304190</millis>
  <sequence>237</sequence>
  <level>RUN_DATA</level>
  <class>com.kms.katalon.core.logging.XmlKeywordLogger</class>
  <method>logMessage</method>
  <thread>1</thread>
  <message>platform = Windows 10</message>
  <nestedLevel>1</nestedLevel>
  <property name="platform">Windows 10</property>
</record>
<record>
  <date>2020-10-05T23:01:44</date>
  <millis>1601953304192</millis>
  <sequence>238</sequence>
  <level>RUN_DATA</level>
  <class>com.kms.katalon.core.logging.XmlKeywordLogger</class>
  <method>logMessage</method>
  <thread>1</thread>
  <message>seleniumVersion = 3.141.59</message>
  <nestedLevel>1</nestedLevel>
  <property name="seleniumVersion">3.141.59</property>
</record>
<record>
  <date>2020-10-05T23:01:44</date>
  <millis>1601953304193</millis>
  <sequence>239</sequence>
  <level>RUN_DATA</level>
  <class>com.kms.katalon.core.logging.XmlKeywordLogger</class>
  <method>logMessage</method>
  <thread>1</thread>
  <message>proxyInformation = ProxyInformation { proxyOption=NO_PROXY, proxyServerType=HTTP, username=, password=********, proxyServerAddress=, proxyServerPort=0, executionList=\&amp;quot;\&amp;quot;, isApplyToDesiredCapabilities=true }</message>
  <nestedLevel>1</nestedLevel>
  <property name="proxyInformation">ProxyInformation { proxyOption=NO_PROXY, proxyServerType=HTTP, username=, password=********, proxyServerAddress=, proxyServerPort=0, executionList=\&quot;\&quot;, isApplyToDesiredCapabilities=true }</property>
</record>
<record>
  <date>2020-10-05T23:01:44</date>
  <millis>1601953304222</millis>
  <sequence>240</sequence>
  <level>PASSED</level>
  <class>com.kms.katalon.core.logging.XmlKeywordLogger</class>
  <method>logMessage</method>
  <thread>1</thread>
  <message>Browser is opened with url: &amp;apos;&amp;apos;</message>
  <nestedLevel>1</nestedLevel>
</record>
<record>
  <date>2020-10-05T23:01:44</date>
  <millis>1601953304224</millis>
  <sequence>241</sequence>
  <level>END</level>
  <class>com.kms.katalon.core.logging.XmlKeywordLogger</class>
  <method>endKeyword</method>
  <thread>1</thread>
  <message>End action : openBrowser(\&amp;quot;\&amp;quot;)</message>
  <nestedLevel>1</nestedLevel>
</record>
<record>
  <date>2020-10-05T23:01:44</date>
  <millis>1601953304224</millis>
  <sequence>242</sequence>
  <level>START</level>
  <class>com.kms.katalon.core.logging.XmlKeywordLogger</class>
  <method>startKeyword</method>
  <thread>1</thread>
  <message>Start action : navigateToUrl(\&amp;quot;https://www.amazon.com/\&amp;quot;)</message>
  <nestedLevel>1</nestedLevel>
  <property name="startLine">22</property>
  <property name="stepIndex">2</property>
</record>
<record>
  <date>2020-10-05T23:01:47</date>
  <millis>1601953307963</millis>
  <sequence>245</sequence>
  <level>PASSED</level>
  <class>com.kms.katalon.core.logging.XmlKeywordLogger</class>
  <method>logMessage</method>
  <thread>1</thread>
  <message>Navigate to &amp;apos;https://www.amazon.com/&amp;apos; successfully</message>
  <nestedLevel>1</nestedLevel>
</record>
<record>
  <date>2020-10-05T23:01:47</date>
  <millis>1601953307964</millis>
  <sequence>246</sequence>
  <level>END</level>
  <class>com.kms.katalon.core.logging.XmlKeywordLogger</class>
  <method>endKeyword</method>
  <thread>1</thread>
  <message>End action : navigateToUrl(\&amp;quot;https://www.amazon.com/\&amp;quot;)</message>
  <nestedLevel>1</nestedLevel>
</record>
<record>
  <date>2020-10-05T23:01:47</date>
  <millis>1601953307964</millis>
  <sequence>247</sequence>
  <level>START</level>
  <class>com.kms.katalon.core.logging.XmlKeywordLogger</class>
  <method>startKeyword</method>
  <thread>1</thread>
  <message>Start action : maximizeWindow()</message>
  <nestedLevel>1</nestedLevel>
  <property name="startLine">24</property>
  <property name="stepIndex">3</property>
</record>
<record>
  <date>2020-10-05T23:01:50</date>
  <millis>1601953310321</millis>
  <sequence>249</sequence>
  <level>PASSED</level>
  <class>com.kms.katalon.core.logging.XmlKeywordLogger</class>
  <method>logMessage</method>
  <thread>1</thread>
  <message>Current window maximized</message>
  <nestedLevel>1</nestedLevel>
</record>
<record>
  <date>2020-10-05T23:01:50</date>
  <millis>1601953310322</millis>
  <sequence>250</sequence>
  <level>END</level>
  <class>com.kms.katalon.core.logging.XmlKeywordLogger</class>
  <method>endKeyword</method>
  <thread>1</thread>
  <message>End action : maximizeWindow()</message>
  <nestedLevel>1</nestedLevel>
</record>
<record>
  <date>2020-10-05T23:01:50</date>
  <millis>1601953310322</millis>
  <sequence>251</sequence>
  <level>START</level>
  <class>com.kms.katalon.core.logging.XmlKeywordLogger</class>
  <method>startKeyword</method>
  <thread>1</thread>
  <message>Start action : if (waitForElementPresent(findTestObject(\&amp;quot;Object Repository/A\u00F1adir Producto al Carrito/A\u00F1adir Producto por Barra de Busqueda/input_Barra_Busqueda\&amp;quot;), timeOut))</message>
  <nestedLevel>1</nestedLevel>
  <property name="startLine">26</property>
  <property name="stepIndex">4</property>
</record>
<record>
  <date>2020-10-05T23:01:52</date>
  <millis>1601953312605</millis>
  <sequence>259</sequence>
  <level>PASSED</level>
  <class>com.kms.katalon.core.logging.XmlKeywordLogger</class>
  <method>logMessage</method>
  <thread>1</thread>
  <message>Object &amp;apos;Object Repository/A\u00F1adir Producto al Carrito/A\u00F1adir Producto por Barra de Busqueda/input_Barra_Busqueda&amp;apos; is present</message>
  <nestedLevel>1</nestedLevel>
</record>
<record>
  <date>2020-10-05T23:01:52</date>
  <millis>1601953312606</millis>
  <sequence>260</sequence>
  <level>START</level>
  <class>com.kms.katalon.core.logging.XmlKeywordLogger</class>
  <method>startKeyword</method>
  <thread>1</thread>
  <message>Start action : setText(findTestObject(\&amp;quot;A\u00F1adir Producto al Carrito/A\u00F1adir Producto por Barra de Busqueda/input_Barra_Busqueda\&amp;quot;), \&amp;quot;Calcetines Touched by Nature de algod\u00F3n org\u00E1nico\&amp;quot;)</message>
  <nestedLevel>2</nestedLevel>
  <property name="startLine">28</property>
  <property name="stepIndex">1</property>
</record>
<record>
  <date>2020-10-05T23:01:53</date>
  <millis>1601953313672</millis>
  <sequence>276</sequence>
  <level>PASSED</level>
  <class>com.kms.katalon.core.logging.XmlKeywordLogger</class>
  <method>logMessage</method>
  <thread>1</thread>
  <message>Text &amp;apos;Calcetines Touched by Nature de algod\u00F3n org\u00E1nico&amp;apos; is set on object &amp;apos;Object Repository/A\u00F1adir Producto al Carrito/A\u00F1adir Producto por Barra de Busqueda/input_Barra_Busqueda&amp;apos;</message>
  <nestedLevel>1</nestedLevel>
</record>
<record>
  <date>2020-10-05T23:01:53</date>
  <millis>1601953313673</millis>
  <sequence>277</sequence>
  <level>END</level>
  <class>com.kms.katalon.core.logging.XmlKeywordLogger</class>
  <method>endKeyword</method>
  <thread>1</thread>
  <message>End action : setText(findTestObject(\&amp;quot;A\u00F1adir Producto al Carrito/A\u00F1adir Producto por Barra de Busqueda/input_Barra_Busqueda\&amp;quot;), \&amp;quot;Calcetines Touched by Nature de algod\u00F3n org\u00E1nico\&amp;quot;)</message>
  <nestedLevel>2</nestedLevel>
</record>
<record>
  <date>2020-10-05T23:01:53</date>
  <millis>1601953313674</millis>
  <sequence>278</sequence>
  <level>END</level>
  <class>com.kms.katalon.core.logging.XmlKeywordLogger</class>
  <method>endKeyword</method>
  <thread>1</thread>
  <message>End action : if (waitForElementPresent(findTestObject(\&amp;quot;Object Repository/A\u00F1adir Producto al Carrito/A\u00F1adir Producto por Barra de Busqueda/input_Barra_Busqueda\&amp;quot;), timeOut))</message>
  <nestedLevel>1</nestedLevel>
</record>
<record>
  <date>2020-10-05T23:01:53</date>
  <millis>1601953313674</millis>
  <sequence>279</sequence>
  <level>START</level>
  <class>com.kms.katalon.core.logging.XmlKeywordLogger</class>
  <method>startKeyword</method>
  <thread>1</thread>
  <message>Start action : sendKeys(findTestObject(\&amp;quot;A\u00F1adir Producto al Carrito/A\u00F1adir Producto por Barra de Busqueda/input_Barra_Busqueda\&amp;quot;), Keys.chord(ENTER))</message>
  <nestedLevel>1</nestedLevel>
  <property name="startLine">34</property>
  <property name="stepIndex">6</property>
</record>
<record>
  <date>2020-10-05T23:01:57</date>
  <millis>1601953317667</millis>
  <sequence>287</sequence>
  <level>PASSED</level>
  <class>com.kms.katalon.core.logging.XmlKeywordLogger</class>
  <method>logMessage</method>
  <thread>1</thread>
  <message>Keys &amp;apos;ENTER + &amp;apos; sent to object: &amp;apos;Object Repository/A\u00F1adir Producto al Carrito/A\u00F1adir Producto por Barra de Busqueda/input_Barra_Busqueda&amp;apos;</message>
  <nestedLevel>1</nestedLevel>
</record>
<record>
  <date>2020-10-05T23:01:57</date>
  <millis>1601953317667</millis>
  <sequence>288</sequence>
  <level>END</level>
  <class>com.kms.katalon.core.logging.XmlKeywordLogger</class>
  <method>endKeyword</method>
  <thread>1</thread>
  <message>End action : sendKeys(findTestObject(\&amp;quot;A\u00F1adir Producto al Carrito/A\u00F1adir Producto por Barra de Busqueda/input_Barra_Busqueda\&amp;quot;), Keys.chord(ENTER))</message>
  <nestedLevel>1</nestedLevel>
</record>
<record>
  <date>2020-10-05T23:01:57</date>
  <millis>1601953317668</millis>
  <sequence>289</sequence>
  <level>START</level>
  <class>com.kms.katalon.core.logging.XmlKeywordLogger</class>
  <method>startKeyword</method>
  <thread>1</thread>
  <message>Start action : if (waitForElementPresent(findTestObject(\&amp;quot;Object Repository/A\u00F1adir Producto al Carrito/A\u00F1adir producto por Categoria/click_Calcetines_Algodon\&amp;quot;), timeOut))</message>
  <nestedLevel>1</nestedLevel>
  <property name="startLine">37</property>
  <property name="stepIndex">7</property>
</record>
<record>
  <date>2020-10-05T23:01:58</date>
  <millis>1601953318707</millis>
  <sequence>297</sequence>
  <level>PASSED</level>
  <class>com.kms.katalon.core.logging.XmlKeywordLogger</class>
  <method>logMessage</method>
  <thread>1</thread>
  <message>Object &amp;apos;Object Repository/A\u00F1adir Producto al Carrito/A\u00F1adir producto por Categoria/click_Calcetines_Algodon&amp;apos; is present</message>
  <nestedLevel>1</nestedLevel>
</record>
<record>
  <date>2020-10-05T23:01:58</date>
  <millis>1601953318709</millis>
  <sequence>298</sequence>
  <level>START</level>
  <class>com.kms.katalon.core.logging.XmlKeywordLogger</class>
  <method>startKeyword</method>
  <thread>1</thread>
  <message>Start action : click(findTestObject(\&amp;quot;Object Repository/A\u00F1adir Producto al Carrito/A\u00F1adir producto por Categoria/click_Calcetines_Algodon\&amp;quot;))</message>
  <nestedLevel>2</nestedLevel>
  <property name="startLine">39</property>
  <property name="stepIndex">1</property>
</record>
<record>
  <date>2020-10-05T23:01:59</date>
  <millis>1601953319504</millis>
  <sequence>307</sequence>
  <level>PASSED</level>
  <class>com.kms.katalon.core.logging.XmlKeywordLogger</class>
  <method>logMessage</method>
  <thread>1</thread>
  <message>Object: &amp;apos;Object Repository/A\u00F1adir Producto al Carrito/A\u00F1adir producto por Categoria/click_Calcetines_Algodon&amp;apos; is clicked on</message>
  <nestedLevel>1</nestedLevel>
</record>
<record>
  <date>2020-10-05T23:01:59</date>
  <millis>1601953319505</millis>
  <sequence>308</sequence>
  <level>END</level>
  <class>com.kms.katalon.core.logging.XmlKeywordLogger</class>
  <method>endKeyword</method>
  <thread>1</thread>
  <message>End action : click(findTestObject(\&amp;quot;Object Repository/A\u00F1adir Producto al Carrito/A\u00F1adir producto por Categoria/click_Calcetines_Algodon\&amp;quot;))</message>
  <nestedLevel>2</nestedLevel>
</record>
<record>
  <date>2020-10-05T23:01:59</date>
  <millis>1601953319505</millis>
  <sequence>309</sequence>
  <level>END</level>
  <class>com.kms.katalon.core.logging.XmlKeywordLogger</class>
  <method>endKeyword</method>
  <thread>1</thread>
  <message>End action : if (waitForElementPresent(findTestObject(\&amp;quot;Object Repository/A\u00F1adir Producto al Carrito/A\u00F1adir producto por Categoria/click_Calcetines_Algodon\&amp;quot;), timeOut))</message>
  <nestedLevel>1</nestedLevel>
</record>
<record>
  <date>2020-10-05T23:01:59</date>
  <millis>1601953319505</millis>
  <sequence>310</sequence>
  <level>START</level>
  <class>com.kms.katalon.core.logging.XmlKeywordLogger</class>
  <method>startKeyword</method>
  <thread>1</thread>
  <message>Start action : if (waitForElementPresent(findTestObject(\&amp;quot;Object Repository/A\u00F1adir Producto al Carrito/A\u00F1adir producto por Categoria/click_Select_Opcion_Size\&amp;quot;), timeOut))</message>
  <nestedLevel>1</nestedLevel>
  <property name="startLine">44</property>
  <property name="stepIndex">9</property>
</record>
<record>
  <date>2020-10-05T23:02:03</date>
  <millis>1601953323339</millis>
  <sequence>318</sequence>
  <level>PASSED</level>
  <class>com.kms.katalon.core.logging.XmlKeywordLogger</class>
  <method>logMessage</method>
  <thread>1</thread>
  <message>Object &amp;apos;Object Repository/A\u00F1adir Producto al Carrito/A\u00F1adir producto por Categoria/click_Select_Opcion_Size&amp;apos; is present</message>
  <nestedLevel>1</nestedLevel>
</record>
<record>
  <date>2020-10-05T23:02:03</date>
  <millis>1601953323340</millis>
  <sequence>319</sequence>
  <level>START</level>
  <class>com.kms.katalon.core.logging.XmlKeywordLogger</class>
  <method>startKeyword</method>
  <thread>1</thread>
  <message>Start action : click(findTestObject(\&amp;quot;Object Repository/A\u00F1adir Producto al Carrito/A\u00F1adir producto por Categoria/click_Select_Opcion_Size\&amp;quot;))</message>
  <nestedLevel>2</nestedLevel>
  <property name="startLine">46</property>
  <property name="stepIndex">1</property>
</record>
<record>
  <date>2020-10-05T23:02:03</date>
  <millis>1601953323932</millis>
  <sequence>328</sequence>
  <level>PASSED</level>
  <class>com.kms.katalon.core.logging.XmlKeywordLogger</class>
  <method>logMessage</method>
  <thread>1</thread>
  <message>Object: &amp;apos;Object Repository/A\u00F1adir Producto al Carrito/A\u00F1adir producto por Categoria/click_Select_Opcion_Size&amp;apos; is clicked on</message>
  <nestedLevel>1</nestedLevel>
</record>
<record>
  <date>2020-10-05T23:02:03</date>
  <millis>1601953323932</millis>
  <sequence>329</sequence>
  <level>END</level>
  <class>com.kms.katalon.core.logging.XmlKeywordLogger</class>
  <method>endKeyword</method>
  <thread>1</thread>
  <message>End action : click(findTestObject(\&amp;quot;Object Repository/A\u00F1adir Producto al Carrito/A\u00F1adir producto por Categoria/click_Select_Opcion_Size\&amp;quot;))</message>
  <nestedLevel>2</nestedLevel>
</record>
<record>
  <date>2020-10-05T23:02:03</date>
  <millis>1601953323933</millis>
  <sequence>330</sequence>
  <level>END</level>
  <class>com.kms.katalon.core.logging.XmlKeywordLogger</class>
  <method>endKeyword</method>
  <thread>1</thread>
  <message>End action : if (waitForElementPresent(findTestObject(\&amp;quot;Object Repository/A\u00F1adir Producto al Carrito/A\u00F1adir producto por Categoria/click_Select_Opcion_Size\&amp;quot;), timeOut))</message>
  <nestedLevel>1</nestedLevel>
</record>
<record>
  <date>2020-10-05T23:02:03</date>
  <millis>1601953323933</millis>
  <sequence>331</sequence>
  <level>START</level>
  <class>com.kms.katalon.core.logging.XmlKeywordLogger</class>
  <method>startKeyword</method>
  <thread>1</thread>
  <message>Start action : if (waitForElementPresent(findTestObject(\&amp;quot;Object Repository/A\u00F1adir Producto al Carrito/A\u00F1adir producto por Categoria/click_Calcetines_Size\&amp;quot;), timeOut))</message>
  <nestedLevel>1</nestedLevel>
  <property name="startLine">51</property>
  <property name="stepIndex">11</property>
</record>
<record>
  <date>2020-10-05T23:02:05</date>
  <millis>1601953325061</millis>
  <sequence>339</sequence>
  <level>PASSED</level>
  <class>com.kms.katalon.core.logging.XmlKeywordLogger</class>
  <method>logMessage</method>
  <thread>1</thread>
  <message>Object &amp;apos;Object Repository/A\u00F1adir Producto al Carrito/A\u00F1adir producto por Categoria/click_Calcetines_Size&amp;apos; is present</message>
  <nestedLevel>1</nestedLevel>
</record>
<record>
  <date>2020-10-05T23:02:05</date>
  <millis>1601953325061</millis>
  <sequence>340</sequence>
  <level>START</level>
  <class>com.kms.katalon.core.logging.XmlKeywordLogger</class>
  <method>startKeyword</method>
  <thread>1</thread>
  <message>Start action : click(findTestObject(\&amp;quot;Object Repository/A\u00F1adir Producto al Carrito/A\u00F1adir producto por Categoria/click_Calcetines_Size\&amp;quot;))</message>
  <nestedLevel>2</nestedLevel>
  <property name="startLine">53</property>
  <property name="stepIndex">1</property>
</record>
<record>
  <date>2020-10-05T23:02:05</date>
  <millis>1601953325578</millis>
  <sequence>349</sequence>
  <level>PASSED</level>
  <class>com.kms.katalon.core.logging.XmlKeywordLogger</class>
  <method>logMessage</method>
  <thread>1</thread>
  <message>Object: &amp;apos;Object Repository/A\u00F1adir Producto al Carrito/A\u00F1adir producto por Categoria/click_Calcetines_Size&amp;apos; is clicked on</message>
  <nestedLevel>1</nestedLevel>
</record>
<record>
  <date>2020-10-05T23:02:05</date>
  <millis>1601953325579</millis>
  <sequence>350</sequence>
  <level>END</level>
  <class>com.kms.katalon.core.logging.XmlKeywordLogger</class>
  <method>endKeyword</method>
  <thread>1</thread>
  <message>End action : click(findTestObject(\&amp;quot;Object Repository/A\u00F1adir Producto al Carrito/A\u00F1adir producto por Categoria/click_Calcetines_Size\&amp;quot;))</message>
  <nestedLevel>2</nestedLevel>
</record>
<record>
  <date>2020-10-05T23:02:05</date>
  <millis>1601953325580</millis>
  <sequence>351</sequence>
  <level>END</level>
  <class>com.kms.katalon.core.logging.XmlKeywordLogger</class>
  <method>endKeyword</method>
  <thread>1</thread>
  <message>End action : if (waitForElementPresent(findTestObject(\&amp;quot;Object Repository/A\u00F1adir Producto al Carrito/A\u00F1adir producto por Categoria/click_Calcetines_Size\&amp;quot;), timeOut))</message>
  <nestedLevel>1</nestedLevel>
</record>
<record>
  <date>2020-10-05T23:02:05</date>
  <millis>1601953325580</millis>
  <sequence>352</sequence>
  <level>START</level>
  <class>com.kms.katalon.core.logging.XmlKeywordLogger</class>
  <method>startKeyword</method>
  <thread>1</thread>
  <message>Start action : if (waitForElementPresent(findTestObject(\&amp;quot;Object Repository/A\u00F1adir Producto al Carrito/A\u00F1adir producto por Categoria/btn_Color_Calcetines\&amp;quot;), timeOut))</message>
  <nestedLevel>1</nestedLevel>
  <property name="startLine">58</property>
  <property name="stepIndex">13</property>
</record>
<record>
  <date>2020-10-05T23:02:08</date>
  <millis>1601953328098</millis>
  <sequence>360</sequence>
  <level>PASSED</level>
  <class>com.kms.katalon.core.logging.XmlKeywordLogger</class>
  <method>logMessage</method>
  <thread>1</thread>
  <message>Object &amp;apos;Object Repository/A\u00F1adir Producto al Carrito/A\u00F1adir producto por Categoria/btn_Color_Calcetines&amp;apos; is present</message>
  <nestedLevel>1</nestedLevel>
</record>
<record>
  <date>2020-10-05T23:02:08</date>
  <millis>1601953328099</millis>
  <sequence>361</sequence>
  <level>START</level>
  <class>com.kms.katalon.core.logging.XmlKeywordLogger</class>
  <method>startKeyword</method>
  <thread>1</thread>
  <message>Start action : click(findTestObject(\&amp;quot;Object Repository/A\u00F1adir Producto al Carrito/A\u00F1adir producto por Categoria/btn_Color_Calcetines\&amp;quot;))</message>
  <nestedLevel>2</nestedLevel>
  <property name="startLine">60</property>
  <property name="stepIndex">1</property>
</record>
<record>
  <date>2020-10-05T23:02:08</date>
  <millis>1601953328986</millis>
  <sequence>370</sequence>
  <level>PASSED</level>
  <class>com.kms.katalon.core.logging.XmlKeywordLogger</class>
  <method>logMessage</method>
  <thread>1</thread>
  <message>Object: &amp;apos;Object Repository/A\u00F1adir Producto al Carrito/A\u00F1adir producto por Categoria/btn_Color_Calcetines&amp;apos; is clicked on</message>
  <nestedLevel>1</nestedLevel>
</record>
<record>
  <date>2020-10-05T23:02:08</date>
  <millis>1601953328986</millis>
  <sequence>371</sequence>
  <level>END</level>
  <class>com.kms.katalon.core.logging.XmlKeywordLogger</class>
  <method>endKeyword</method>
  <thread>1</thread>
  <message>End action : click(findTestObject(\&amp;quot;Object Repository/A\u00F1adir Producto al Carrito/A\u00F1adir producto por Categoria/btn_Color_Calcetines\&amp;quot;))</message>
  <nestedLevel>2</nestedLevel>
</record>
<record>
  <date>2020-10-05T23:02:08</date>
  <millis>1601953328987</millis>
  <sequence>372</sequence>
  <level>END</level>
  <class>com.kms.katalon.core.logging.XmlKeywordLogger</class>
  <method>endKeyword</method>
  <thread>1</thread>
  <message>End action : if (waitForElementPresent(findTestObject(\&amp;quot;Object Repository/A\u00F1adir Producto al Carrito/A\u00F1adir producto por Categoria/btn_Color_Calcetines\&amp;quot;), timeOut))</message>
  <nestedLevel>1</nestedLevel>
</record>
<record>
  <date>2020-10-05T23:02:08</date>
  <millis>1601953328987</millis>
  <sequence>373</sequence>
  <level>START</level>
  <class>com.kms.katalon.core.logging.XmlKeywordLogger</class>
  <method>startKeyword</method>
  <thread>1</thread>
  <message>Start action : colorSeleccionado = getText(findTestObject(\&amp;quot;Object Repository/A\u00F1adir Producto al Carrito/A\u00F1adir producto por Categoria/label_Color_Seleccionado\&amp;quot;))</message>
  <nestedLevel>1</nestedLevel>
  <property name="startLine">65</property>
  <property name="stepIndex">15</property>
</record>
<record>
  <date>2020-10-05T23:02:11</date>
  <millis>1601953331818</millis>
  <sequence>382</sequence>
  <level>PASSED</level>
  <class>com.kms.katalon.core.logging.XmlKeywordLogger</class>
  <method>logMessage</method>
  <thread>1</thread>
  <message>Text of object &amp;apos;Object Repository/A\u00F1adir Producto al Carrito/A\u00F1adir producto por Categoria/label_Color_Seleccionado&amp;apos; is: &amp;apos;Girl Stripes&amp;apos;</message>
  <nestedLevel>1</nestedLevel>
</record>
<record>
  <date>2020-10-05T23:02:11</date>
  <millis>1601953331818</millis>
  <sequence>383</sequence>
  <level>END</level>
  <class>com.kms.katalon.core.logging.XmlKeywordLogger</class>
  <method>endKeyword</method>
  <thread>1</thread>
  <message>End action : colorSeleccionado = getText(findTestObject(\&amp;quot;Object Repository/A\u00F1adir Producto al Carrito/A\u00F1adir producto por Categoria/label_Color_Seleccionado\&amp;quot;))</message>
  <nestedLevel>1</nestedLevel>
</record>
<record>
  <date>2020-10-05T23:02:11</date>
  <millis>1601953331819</millis>
  <sequence>384</sequence>
  <level>START</level>
  <class>com.kms.katalon.core.logging.XmlKeywordLogger</class>
  <method>startKeyword</method>
  <thread>1</thread>
  <message>Start action : println(colorSeleccionado)</message>
  <nestedLevel>1</nestedLevel>
  <property name="startLine">67</property>
  <property name="stepIndex">16</property>
</record>
<record>
  <date>2020-10-05T23:02:11</date>
  <millis>1601953331819</millis>
  <sequence>385</sequence>
  <level>END</level>
  <class>com.kms.katalon.core.logging.XmlKeywordLogger</class>
  <method>endKeyword</method>
  <thread>1</thread>
  <message>End action : println(colorSeleccionado)</message>
  <nestedLevel>1</nestedLevel>
</record>
<record>
  <date>2020-10-05T23:02:11</date>
  <millis>1601953331820</millis>
  <sequence>386</sequence>
  <level>START</level>
  <class>com.kms.katalon.core.logging.XmlKeywordLogger</class>
  <method>startKeyword</method>
  <thread>1</thread>
  <message>Start action : if (colorSeleccionado == colorMediaRosado)</message>
  <nestedLevel>1</nestedLevel>
  <property name="startLine">69</property>
  <property name="stepIndex">17</property>
</record>
<record>
  <date>2020-10-05T23:02:11</date>
  <millis>1601953331820</millis>
  <sequence>387</sequence>
  <level>START</level>
  <class>com.kms.katalon.core.logging.XmlKeywordLogger</class>
  <method>startKeyword</method>
  <thread>1</thread>
  <message>Start action : println(\&amp;quot;Color correcto!\&amp;quot;)</message>
  <nestedLevel>2</nestedLevel>
  <property name="startLine">70</property>
  <property name="stepIndex">1</property>
</record>
<record>
  <date>2020-10-05T23:02:11</date>
  <millis>1601953331821</millis>
  <sequence>388</sequence>
  <level>END</level>
  <class>com.kms.katalon.core.logging.XmlKeywordLogger</class>
  <method>endKeyword</method>
  <thread>1</thread>
  <message>End action : println(\&amp;quot;Color correcto!\&amp;quot;)</message>
  <nestedLevel>2</nestedLevel>
</record>
<record>
  <date>2020-10-05T23:02:11</date>
  <millis>1601953331822</millis>
  <sequence>389</sequence>
  <level>END</level>
  <class>com.kms.katalon.core.logging.XmlKeywordLogger</class>
  <method>endKeyword</method>
  <thread>1</thread>
  <message>End action : if (colorSeleccionado == colorMediaRosado)</message>
  <nestedLevel>1</nestedLevel>
</record>
<record>
  <date>2020-10-05T23:02:11</date>
  <millis>1601953331822</millis>
  <sequence>390</sequence>
  <level>START</level>
  <class>com.kms.katalon.core.logging.XmlKeywordLogger</class>
  <method>startKeyword</method>
  <thread>1</thread>
  <message>Start action : if (waitForElementPresent(findTestObject(\&amp;quot;Object Repository/A\u00F1adir Producto al Carrito/A\u00F1adir producto por Categoria/btn_A\u00F1adir_Carrito\&amp;quot;), timeOut))</message>
  <nestedLevel>1</nestedLevel>
  <property name="startLine">75</property>
  <property name="stepIndex">19</property>
</record>
<record>
  <date>2020-10-05T23:02:12</date>
  <millis>1601953332158</millis>
  <sequence>398</sequence>
  <level>PASSED</level>
  <class>com.kms.katalon.core.logging.XmlKeywordLogger</class>
  <method>logMessage</method>
  <thread>1</thread>
  <message>Object &amp;apos;Object Repository/A\u00F1adir Producto al Carrito/A\u00F1adir producto por Categoria/btn_A\u00F1adir_Carrito&amp;apos; is present</message>
  <nestedLevel>1</nestedLevel>
</record>
<record>
  <date>2020-10-05T23:02:12</date>
  <millis>1601953332159</millis>
  <sequence>399</sequence>
  <level>START</level>
  <class>com.kms.katalon.core.logging.XmlKeywordLogger</class>
  <method>startKeyword</method>
  <thread>1</thread>
  <message>Start action : click(findTestObject(\&amp;quot;Object Repository/A\u00F1adir Producto al Carrito/A\u00F1adir producto por Categoria/btn_A\u00F1adir_Carrito\&amp;quot;))</message>
  <nestedLevel>2</nestedLevel>
  <property name="startLine">77</property>
  <property name="stepIndex">1</property>
</record>
<record>
  <date>2020-10-05T23:02:13</date>
  <millis>1601953333951</millis>
  <sequence>408</sequence>
  <level>PASSED</level>
  <class>com.kms.katalon.core.logging.XmlKeywordLogger</class>
  <method>logMessage</method>
  <thread>1</thread>
  <message>Object: &amp;apos;Object Repository/A\u00F1adir Producto al Carrito/A\u00F1adir producto por Categoria/btn_A\u00F1adir_Carrito&amp;apos; is clicked on</message>
  <nestedLevel>1</nestedLevel>
</record>
<record>
  <date>2020-10-05T23:02:13</date>
  <millis>1601953333952</millis>
  <sequence>409</sequence>
  <level>END</level>
  <class>com.kms.katalon.core.logging.XmlKeywordLogger</class>
  <method>endKeyword</method>
  <thread>1</thread>
  <message>End action : click(findTestObject(\&amp;quot;Object Repository/A\u00F1adir Producto al Carrito/A\u00F1adir producto por Categoria/btn_A\u00F1adir_Carrito\&amp;quot;))</message>
  <nestedLevel>2</nestedLevel>
</record>
<record>
  <date>2020-10-05T23:02:13</date>
  <millis>1601953333952</millis>
  <sequence>410</sequence>
  <level>END</level>
  <class>com.kms.katalon.core.logging.XmlKeywordLogger</class>
  <method>endKeyword</method>
  <thread>1</thread>
  <message>End action : if (waitForElementPresent(findTestObject(\&amp;quot;Object Repository/A\u00F1adir Producto al Carrito/A\u00F1adir producto por Categoria/btn_A\u00F1adir_Carrito\&amp;quot;), timeOut))</message>
  <nestedLevel>1</nestedLevel>
</record>
<record>
  <date>2020-10-05T23:02:13</date>
  <millis>1601953333953</millis>
  <sequence>411</sequence>
  <level>START</level>
  <class>com.kms.katalon.core.logging.XmlKeywordLogger</class>
  <method>startKeyword</method>
  <thread>1</thread>
  <message>Start action : closeBrowser()</message>
  <nestedLevel>1</nestedLevel>
  <property name="startLine">84</property>
  <property name="stepIndex">21</property>
</record>
<record>
  <date>2020-10-05T23:02:14</date>
  <millis>1601953334953</millis>
  <sequence>413</sequence>
  <level>PASSED</level>
  <class>com.kms.katalon.core.logging.XmlKeywordLogger</class>
  <method>logMessage</method>
  <thread>1</thread>
  <message>Browser is closed</message>
  <nestedLevel>1</nestedLevel>
</record>
<record>
  <date>2020-10-05T23:02:14</date>
  <millis>1601953334954</millis>
  <sequence>414</sequence>
  <level>END</level>
  <class>com.kms.katalon.core.logging.XmlKeywordLogger</class>
  <method>endKeyword</method>
  <thread>1</thread>
  <message>End action : closeBrowser()</message>
  <nestedLevel>1</nestedLevel>
</record>
<record>
  <date>2020-10-05T23:02:14</date>
  <millis>1601953334954</millis>
  <sequence>415</sequence>
  <level>PASSED</level>
  <class>com.kms.katalon.core.logging.XmlKeywordLogger</class>
  <method>logMessage</method>
  <thread>1</thread>
  <message>Test Cases/A\u00F1adir Producto al Carrito/A\u00F1adir Producto por Barra de Busqueda</message>
  <nestedLevel>1</nestedLevel>
</record>
<record>
  <date>2020-10-05T23:02:14</date>
  <millis>1601953334956</millis>
  <sequence>416</sequence>
  <level>END</level>
  <class>com.kms.katalon.core.logging.XmlKeywordLogger</class>
  <method>endTest</method>
  <thread>1</thread>
  <message>End Test Case : Test Cases/A\u00F1adir Producto al Carrito/A\u00F1adir Producto por Barra de Busqueda</message>
  <nestedLevel>0</nestedLevel>
</record>
<record>
  <date>2020-10-05T23:02:14</date>
  <millis>1601953334957</millis>
  <sequence>417</sequence>
  <level>START</level>
  <class>com.kms.katalon.core.logging.XmlKeywordLogger</class>
  <method>startKeyword</method>
  <thread>1</thread>
  <message>Start listener action : exportKatalonReports</message>
  <nestedLevel>0</nestedLevel>
</record>
<record>
  <date>2020-10-05T23:02:14</date>
  <millis>1601953334958</millis>
  <sequence>419</sequence>
  <level>INFO</level>
  <class>com.kms.katalon.core.logging.XmlKeywordLogger</class>
  <method>logMessage</method>
  <thread>1</thread>
  <message>This Katalon Studio version has been deprecated. Please upgrade Katalon Studio to the latest version.</message>
  <nestedLevel>0</nestedLevel>
</record>
<record>
  <date>2020-10-05T23:02:15</date>
  <millis>1601953335242</millis>
  <sequence>742</sequence>
  <level>INFO</level>
  <class>com.kms.katalon.core.logging.XmlKeywordLogger</class>
  <method>logMessage</method>
  <thread>1</thread>
  <message>Start generating HTML report folder at: C:\\Users\\Karina\\Desktop\\Automation-Test-Oriontek\\Reports\\20201005_230053\\A\u00F1adir producto Carrito Amazon\\20201005_230053...</message>
  <nestedLevel>0</nestedLevel>
</record>
<record>
  <date>2020-10-05T23:02:15</date>
  <millis>1601953335269</millis>
  <sequence>743</sequence>
  <level>INFO</level>
  <class>com.kms.katalon.core.logging.XmlKeywordLogger</class>
  <method>logMessage</method>
  <thread>1</thread>
  <message>HTML report generated</message>
  <nestedLevel>0</nestedLevel>
</record>
<record>
  <date>2020-10-05T23:02:15</date>
  <millis>1601953335270</millis>
  <sequence>744</sequence>
  <level>INFO</level>
  <class>com.kms.katalon.core.logging.XmlKeywordLogger</class>
  <method>logMessage</method>
  <thread>1</thread>
  <message>Start generating CSV report folder at: C:\\Users\\Karina\\Desktop\\Automation-Test-Oriontek\\Reports\\20201005_230053\\A\u00F1adir producto Carrito Amazon\\20201005_230053...</message>
  <nestedLevel>0</nestedLevel>
</record>
<record>
  <date>2020-10-05T23:02:15</date>
  <millis>1601953335307</millis>
  <sequence>745</sequence>
  <level>INFO</level>
  <class>com.kms.katalon.core.logging.XmlKeywordLogger</class>
  <method>logMessage</method>
  <thread>1</thread>
  <message>CSV report generated</message>
  <nestedLevel>0</nestedLevel>
</record>
<record>
  <date>2020-10-05T23:02:15</date>
  <millis>1601953335307</millis>
  <sequence>746</sequence>
  <level>INFO</level>
  <class>com.kms.katalon.core.logging.XmlKeywordLogger</class>
  <method>logMessage</method>
  <thread>1</thread>
  <message>Start generating JUnit report folder at: C:\\Users\\Karina\\Desktop\\Automation-Test-Oriontek\\Reports\\20201005_230053\\A\u00F1adir producto Carrito Amazon\\20201005_230053...</message>
  <nestedLevel>0</nestedLevel>
</record>
<record>
  <date>2020-10-05T23:02:15</date>
  <millis>1601953335566</millis>
  <sequence>747</sequence>
  <level>INFO</level>
  <class>com.kms.katalon.core.logging.XmlKeywordLogger</class>
  <method>logMessage</method>
  <thread>1</thread>
  <message>JUnit report generated</message>
  <nestedLevel>0</nestedLevel>
</record>
<record>
  <date>2020-10-05T23:02:15</date>
  <millis>1601953335566</millis>
  <sequence>749</sequence>
  <level>END</level>
  <class>com.kms.katalon.core.logging.XmlKeywordLogger</class>
  <method>endKeyword</method>
  <thread>1</thread>
  <message>End listener action : exportKatalonReports</message>
  <nestedLevel>0</nestedLevel>
</record>
<record>
  <date>2020-10-05T23:02:15</date>
  <millis>1601953335633</millis>
  <sequence>750</sequence>
  <level>END</level>
  <class>com.kms.katalon.core.logging.XmlKeywordLogger</class>
  <method>endSuite</method>
  <thread>1</thread>
  <message>End Test Suite : Test Suites/A\u00F1adir producto Carrito Amazon</message>
  <nestedLevel>0</nestedLevel>
</record>
</log>