<?xml version="1.0" encoding="UTF-8" standalone="no"?>
<!DOCTYPE log SYSTEM "logger.dtd">
<log>
<record>
  <date>2020-10-06T00:42:30</date>
  <millis>1601959350795</millis>
  <sequence>0</sequence>
  <level>START</level>
  <class>com.kms.katalon.core.logging.XmlKeywordLogger</class>
  <method>startSuite</method>
  <thread>1</thread>
  <message>Start Test Suite : Test Suites/A\u00F1adir producto Carrito Amazon</message>
  <nestedLevel>0</nestedLevel>
  <property name="name">A\u00F1adir producto Carrito Amazon</property>
  <property name="description"></property>
  <property name="id">Test Suites/A\u00F1adir producto Carrito Amazon</property>
</record>
<record>
  <date>2020-10-06T00:42:30</date>
  <millis>1601959350852</millis>
  <sequence>1</sequence>
  <level>RUN_DATA</level>
  <class>com.kms.katalon.core.logging.XmlKeywordLogger</class>
  <method>logMessage</method>
  <thread>1</thread>
  <message>hostName = Karina - DESKTOP-LK08F6R</message>
  <nestedLevel>0</nestedLevel>
  <property name="hostName">Karina - DESKTOP-LK08F6R</property>
</record>
<record>
  <date>2020-10-06T00:42:30</date>
  <millis>1601959350855</millis>
  <sequence>2</sequence>
  <level>RUN_DATA</level>
  <class>com.kms.katalon.core.logging.XmlKeywordLogger</class>
  <method>logMessage</method>
  <thread>1</thread>
  <message>os = Windows 10 64bit</message>
  <nestedLevel>0</nestedLevel>
  <property name="os">Windows 10 64bit</property>
</record>
<record>
  <date>2020-10-06T00:42:30</date>
  <millis>1601959350868</millis>
  <sequence>3</sequence>
  <level>RUN_DATA</level>
  <class>com.kms.katalon.core.logging.XmlKeywordLogger</class>
  <method>logMessage</method>
  <thread>1</thread>
  <message>hostAddress = 172.20.10.8</message>
  <nestedLevel>0</nestedLevel>
  <property name="hostAddress">172.20.10.8</property>
</record>
<record>
  <date>2020-10-06T00:42:30</date>
  <millis>1601959350871</millis>
  <sequence>4</sequence>
  <level>RUN_DATA</level>
  <class>com.kms.katalon.core.logging.XmlKeywordLogger</class>
  <method>logMessage</method>
  <thread>1</thread>
  <message>katalonVersion = 7.5.5.1</message>
  <nestedLevel>0</nestedLevel>
  <property name="katalonVersion">7.5.5.1</property>
</record>
<record>
  <date>2020-10-06T00:42:30</date>
  <millis>1601959350888</millis>
  <sequence>5</sequence>
  <level>START</level>
  <class>com.kms.katalon.core.logging.XmlKeywordLogger</class>
  <method>startKeyword</method>
  <thread>1</thread>
  <message>Start listener action : beforeExportKatalonReports</message>
  <nestedLevel>0</nestedLevel>
</record>
<record>
  <date>2020-10-06T00:42:30</date>
  <millis>1601959350912</millis>
  <sequence>7</sequence>
  <level>INFO</level>
  <class>com.kms.katalon.core.logging.XmlKeywordLogger</class>
  <method>logMessage</method>
  <thread>1</thread>
  <message>This Katalon Studio version has been deprecated. Please upgrade Katalon Studio to the latest version.</message>
  <nestedLevel>0</nestedLevel>
</record>
<record>
  <date>2020-10-06T00:42:30</date>
  <millis>1601959350914</millis>
  <sequence>9</sequence>
  <level>END</level>
  <class>com.kms.katalon.core.logging.XmlKeywordLogger</class>
  <method>endKeyword</method>
  <thread>1</thread>
  <message>End listener action : beforeExportKatalonReports</message>
  <nestedLevel>0</nestedLevel>
</record>
<record>
  <date>2020-10-06T00:42:31</date>
  <millis>1601959351612</millis>
  <sequence>10</sequence>
  <level>START</level>
  <class>com.kms.katalon.core.logging.XmlKeywordLogger</class>
  <method>startTest</method>
  <thread>1</thread>
  <message>Start Test Case : Test Cases/A\u00F1adir Producto al Carrito/A\u00F1adir Producto por Seccion Categorias</message>
  <nestedLevel>1</nestedLevel>
  <property name="name">Test Cases/A\u00F1adir Producto al Carrito/A\u00F1adir Producto por Seccion Categorias</property>
  <property name="description"></property>
  <property name="id">Test Cases/A\u00F1adir Producto al Carrito/A\u00F1adir Producto por Seccion Categorias</property>
  <property name="source">C:\\Users\\Karina\\Desktop\\Automation-Test-Oriontek\\Test Cases\\A\u00F1adir Producto al Carrito\\A\u00F1adir Producto por Seccion Categorias.tc</property>
  <property name="tag"></property>
  <property name="isOptional">false</property>
</record>
<record>
  <date>2020-10-06T00:42:31</date>
  <millis>1601959351884</millis>
  <sequence>12</sequence>
  <level>INFO</level>
  <class>com.kms.katalon.core.logging.XmlKeywordLogger</class>
  <method>logMessage</method>
  <thread>1</thread>
  <message>(Default) colorMediaRosado = Girl Stripes</message>
  <nestedLevel>1</nestedLevel>
</record>
<record>
  <date>2020-10-06T00:42:32</date>
  <millis>1601959352700</millis>
  <sequence>13</sequence>
  <level>START</level>
  <class>com.kms.katalon.core.logging.XmlKeywordLogger</class>
  <method>startKeyword</method>
  <thread>1</thread>
  <message>Start action : try</message>
  <nestedLevel>1</nestedLevel>
  <property name="startLine">20</property>
  <property name="stepIndex">1</property>
</record>
<record>
  <date>2020-10-06T00:42:32</date>
  <millis>1601959352703</millis>
  <sequence>14</sequence>
  <level>START</level>
  <class>com.kms.katalon.core.logging.XmlKeywordLogger</class>
  <method>startKeyword</method>
  <thread>1</thread>
  <message>Start action : openBrowser(\&amp;quot;\&amp;quot;)</message>
  <nestedLevel>2</nestedLevel>
  <property name="startLine">21</property>
  <property name="stepIndex">1</property>
</record>
<record>
  <date>2020-10-06T00:42:33</date>
  <millis>1601959353264</millis>
  <sequence>16</sequence>
  <level>INFO</level>
  <class>com.kms.katalon.core.logging.XmlKeywordLogger</class>
  <method>logMessage</method>
  <thread>1</thread>
  <message>Starting &amp;apos;Chrome&amp;apos; driver</message>
  <nestedLevel>1</nestedLevel>
</record>
<record>
  <date>2020-10-06T00:42:33</date>
  <millis>1601959353384</millis>
  <sequence>18</sequence>
  <level>INFO</level>
  <class>com.kms.katalon.core.logging.XmlKeywordLogger</class>
  <method>logMessage</method>
  <thread>1</thread>
  <message>Action delay is set to 0 milliseconds</message>
  <nestedLevel>1</nestedLevel>
</record>
<record>
  <date>2020-10-06T00:42:38</date>
  <millis>1601959358664</millis>
  <sequence>20</sequence>
  <level>RUN_DATA</level>
  <class>com.kms.katalon.core.logging.XmlKeywordLogger</class>
  <method>logMessage</method>
  <thread>1</thread>
  <message>sessionId = 918b3e9d091babe886c522fd3a9cf94a</message>
  <nestedLevel>1</nestedLevel>
  <property name="sessionId">918b3e9d091babe886c522fd3a9cf94a</property>
</record>
<record>
  <date>2020-10-06T00:42:38</date>
  <millis>1601959358689</millis>
  <sequence>21</sequence>
  <level>RUN_DATA</level>
  <class>com.kms.katalon.core.logging.XmlKeywordLogger</class>
  <method>logMessage</method>
  <thread>1</thread>
  <message>browser = Chrome 85.0.4183.121</message>
  <nestedLevel>1</nestedLevel>
  <property name="browser">Chrome 85.0.4183.121</property>
</record>
<record>
  <date>2020-10-06T00:42:38</date>
  <millis>1601959358690</millis>
  <sequence>22</sequence>
  <level>RUN_DATA</level>
  <class>com.kms.katalon.core.logging.XmlKeywordLogger</class>
  <method>logMessage</method>
  <thread>1</thread>
  <message>platform = Windows 10</message>
  <nestedLevel>1</nestedLevel>
  <property name="platform">Windows 10</property>
</record>
<record>
  <date>2020-10-06T00:42:38</date>
  <millis>1601959358691</millis>
  <sequence>23</sequence>
  <level>RUN_DATA</level>
  <class>com.kms.katalon.core.logging.XmlKeywordLogger</class>
  <method>logMessage</method>
  <thread>1</thread>
  <message>seleniumVersion = 3.141.59</message>
  <nestedLevel>1</nestedLevel>
  <property name="seleniumVersion">3.141.59</property>
</record>
<record>
  <date>2020-10-06T00:42:38</date>
  <millis>1601959358692</millis>
  <sequence>24</sequence>
  <level>RUN_DATA</level>
  <class>com.kms.katalon.core.logging.XmlKeywordLogger</class>
  <method>logMessage</method>
  <thread>1</thread>
  <message>proxyInformation = ProxyInformation { proxyOption=NO_PROXY, proxyServerType=HTTP, username=, password=********, proxyServerAddress=, proxyServerPort=0, executionList=\&amp;quot;\&amp;quot;, isApplyToDesiredCapabilities=true }</message>
  <nestedLevel>1</nestedLevel>
  <property name="proxyInformation">ProxyInformation { proxyOption=NO_PROXY, proxyServerType=HTTP, username=, password=********, proxyServerAddress=, proxyServerPort=0, executionList=\&quot;\&quot;, isApplyToDesiredCapabilities=true }</property>
</record>
<record>
  <date>2020-10-06T00:42:38</date>
  <millis>1601959358727</millis>
  <sequence>25</sequence>
  <level>PASSED</level>
  <class>com.kms.katalon.core.logging.XmlKeywordLogger</class>
  <method>logMessage</method>
  <thread>1</thread>
  <message>Browser is opened with url: &amp;apos;&amp;apos;</message>
  <nestedLevel>1</nestedLevel>
</record>
<record>
  <date>2020-10-06T00:42:38</date>
  <millis>1601959358728</millis>
  <sequence>26</sequence>
  <level>END</level>
  <class>com.kms.katalon.core.logging.XmlKeywordLogger</class>
  <method>endKeyword</method>
  <thread>1</thread>
  <message>End action : openBrowser(\&amp;quot;\&amp;quot;)</message>
  <nestedLevel>2</nestedLevel>
</record>
<record>
  <date>2020-10-06T00:42:38</date>
  <millis>1601959358729</millis>
  <sequence>27</sequence>
  <level>START</level>
  <class>com.kms.katalon.core.logging.XmlKeywordLogger</class>
  <method>startKeyword</method>
  <thread>1</thread>
  <message>Start action : navigateToUrl(URL)</message>
  <nestedLevel>2</nestedLevel>
  <property name="startLine">23</property>
  <property name="stepIndex">2</property>
</record>
<record>
  <date>2020-10-06T00:42:46</date>
  <millis>1601959366496</millis>
  <sequence>30</sequence>
  <level>PASSED</level>
  <class>com.kms.katalon.core.logging.XmlKeywordLogger</class>
  <method>logMessage</method>
  <thread>1</thread>
  <message>Navigate to &amp;apos;https://www.amazon.com&amp;apos; successfully</message>
  <nestedLevel>1</nestedLevel>
</record>
<record>
  <date>2020-10-06T00:42:46</date>
  <millis>1601959366497</millis>
  <sequence>31</sequence>
  <level>END</level>
  <class>com.kms.katalon.core.logging.XmlKeywordLogger</class>
  <method>endKeyword</method>
  <thread>1</thread>
  <message>End action : navigateToUrl(URL)</message>
  <nestedLevel>2</nestedLevel>
</record>
<record>
  <date>2020-10-06T00:42:46</date>
  <millis>1601959366497</millis>
  <sequence>32</sequence>
  <level>START</level>
  <class>com.kms.katalon.core.logging.XmlKeywordLogger</class>
  <method>startKeyword</method>
  <thread>1</thread>
  <message>Start action : maximizeWindow()</message>
  <nestedLevel>2</nestedLevel>
  <property name="startLine">25</property>
  <property name="stepIndex">3</property>
</record>
<record>
  <date>2020-10-06T00:42:48</date>
  <millis>1601959368915</millis>
  <sequence>34</sequence>
  <level>PASSED</level>
  <class>com.kms.katalon.core.logging.XmlKeywordLogger</class>
  <method>logMessage</method>
  <thread>1</thread>
  <message>Current window maximized</message>
  <nestedLevel>1</nestedLevel>
</record>
<record>
  <date>2020-10-06T00:42:48</date>
  <millis>1601959368916</millis>
  <sequence>35</sequence>
  <level>END</level>
  <class>com.kms.katalon.core.logging.XmlKeywordLogger</class>
  <method>endKeyword</method>
  <thread>1</thread>
  <message>End action : maximizeWindow()</message>
  <nestedLevel>2</nestedLevel>
</record>
<record>
  <date>2020-10-06T00:42:48</date>
  <millis>1601959368917</millis>
  <sequence>36</sequence>
  <level>START</level>
  <class>com.kms.katalon.core.logging.XmlKeywordLogger</class>
  <method>startKeyword</method>
  <thread>1</thread>
  <message>Start action : if (waitForElementPresent(findTestObject(\&amp;quot;Object Repository/A\u00F1adir Producto al Carrito/A\u00F1adir producto por Categoria/hamburger_Nav_Menu\&amp;quot;), timeOut))</message>
  <nestedLevel>2</nestedLevel>
  <property name="startLine">27</property>
  <property name="stepIndex">4</property>
</record>
<record>
  <date>2020-10-06T00:42:50</date>
  <millis>1601959370178</millis>
  <sequence>44</sequence>
  <level>PASSED</level>
  <class>com.kms.katalon.core.logging.XmlKeywordLogger</class>
  <method>logMessage</method>
  <thread>1</thread>
  <message>Object &amp;apos;Object Repository/A\u00F1adir Producto al Carrito/A\u00F1adir producto por Categoria/hamburger_Nav_Menu&amp;apos; is present</message>
  <nestedLevel>1</nestedLevel>
</record>
<record>
  <date>2020-10-06T00:42:50</date>
  <millis>1601959370179</millis>
  <sequence>45</sequence>
  <level>START</level>
  <class>com.kms.katalon.core.logging.XmlKeywordLogger</class>
  <method>startKeyword</method>
  <thread>1</thread>
  <message>Start action : click(findTestObject(\&amp;quot;A\u00F1adir Producto al Carrito/A\u00F1adir producto por Categoria/hamburger_Nav_Menu\&amp;quot;))</message>
  <nestedLevel>3</nestedLevel>
  <property name="startLine">28</property>
  <property name="stepIndex">1</property>
</record>
<record>
  <date>2020-10-06T00:42:58</date>
  <millis>1601959378799</millis>
  <sequence>54</sequence>
  <level>PASSED</level>
  <class>com.kms.katalon.core.logging.XmlKeywordLogger</class>
  <method>logMessage</method>
  <thread>1</thread>
  <message>Object: &amp;apos;Object Repository/A\u00F1adir Producto al Carrito/A\u00F1adir producto por Categoria/hamburger_Nav_Menu&amp;apos; is clicked on</message>
  <nestedLevel>1</nestedLevel>
</record>
<record>
  <date>2020-10-06T00:42:58</date>
  <millis>1601959378801</millis>
  <sequence>55</sequence>
  <level>END</level>
  <class>com.kms.katalon.core.logging.XmlKeywordLogger</class>
  <method>endKeyword</method>
  <thread>1</thread>
  <message>End action : click(findTestObject(\&amp;quot;A\u00F1adir Producto al Carrito/A\u00F1adir producto por Categoria/hamburger_Nav_Menu\&amp;quot;))</message>
  <nestedLevel>3</nestedLevel>
</record>
<record>
  <date>2020-10-06T00:42:58</date>
  <millis>1601959378801</millis>
  <sequence>56</sequence>
  <level>END</level>
  <class>com.kms.katalon.core.logging.XmlKeywordLogger</class>
  <method>endKeyword</method>
  <thread>1</thread>
  <message>End action : if (waitForElementPresent(findTestObject(\&amp;quot;Object Repository/A\u00F1adir Producto al Carrito/A\u00F1adir producto por Categoria/hamburger_Nav_Menu\&amp;quot;), timeOut))</message>
  <nestedLevel>2</nestedLevel>
</record>
<record>
  <date>2020-10-06T00:42:58</date>
  <millis>1601959378802</millis>
  <sequence>57</sequence>
  <level>START</level>
  <class>com.kms.katalon.core.logging.XmlKeywordLogger</class>
  <method>startKeyword</method>
  <thread>1</thread>
  <message>Start action : if (waitForElementPresent(findTestObject(\&amp;quot;Object Repository/A\u00F1adir Producto al Carrito/A\u00F1adir producto por Categoria/link_Categoria_Bebe\&amp;quot;), timeOut))</message>
  <nestedLevel>2</nestedLevel>
  <property name="startLine">30</property>
  <property name="stepIndex">5</property>
</record>
<record>
  <date>2020-10-06T00:42:59</date>
  <millis>1601959379191</millis>
  <sequence>65</sequence>
  <level>PASSED</level>
  <class>com.kms.katalon.core.logging.XmlKeywordLogger</class>
  <method>logMessage</method>
  <thread>1</thread>
  <message>Object &amp;apos;Object Repository/A\u00F1adir Producto al Carrito/A\u00F1adir producto por Categoria/link_Categoria_Bebe&amp;apos; is present</message>
  <nestedLevel>1</nestedLevel>
</record>
<record>
  <date>2020-10-06T00:42:59</date>
  <millis>1601959379192</millis>
  <sequence>66</sequence>
  <level>START</level>
  <class>com.kms.katalon.core.logging.XmlKeywordLogger</class>
  <method>startKeyword</method>
  <thread>1</thread>
  <message>Start action : click(findTestObject(\&amp;quot;A\u00F1adir Producto al Carrito/A\u00F1adir producto por Categoria/link_Categoria_Bebe\&amp;quot;))</message>
  <nestedLevel>3</nestedLevel>
  <property name="startLine">31</property>
  <property name="stepIndex">1</property>
</record>
<record>
  <date>2020-10-06T00:42:59</date>
  <millis>1601959379746</millis>
  <sequence>75</sequence>
  <level>PASSED</level>
  <class>com.kms.katalon.core.logging.XmlKeywordLogger</class>
  <method>logMessage</method>
  <thread>1</thread>
  <message>Object: &amp;apos;Object Repository/A\u00F1adir Producto al Carrito/A\u00F1adir producto por Categoria/link_Categoria_Bebe&amp;apos; is clicked on</message>
  <nestedLevel>1</nestedLevel>
</record>
<record>
  <date>2020-10-06T00:42:59</date>
  <millis>1601959379747</millis>
  <sequence>76</sequence>
  <level>END</level>
  <class>com.kms.katalon.core.logging.XmlKeywordLogger</class>
  <method>endKeyword</method>
  <thread>1</thread>
  <message>End action : click(findTestObject(\&amp;quot;A\u00F1adir Producto al Carrito/A\u00F1adir producto por Categoria/link_Categoria_Bebe\&amp;quot;))</message>
  <nestedLevel>3</nestedLevel>
</record>
<record>
  <date>2020-10-06T00:42:59</date>
  <millis>1601959379747</millis>
  <sequence>77</sequence>
  <level>END</level>
  <class>com.kms.katalon.core.logging.XmlKeywordLogger</class>
  <method>endKeyword</method>
  <thread>1</thread>
  <message>End action : if (waitForElementPresent(findTestObject(\&amp;quot;Object Repository/A\u00F1adir Producto al Carrito/A\u00F1adir producto por Categoria/link_Categoria_Bebe\&amp;quot;), timeOut))</message>
  <nestedLevel>2</nestedLevel>
</record>
<record>
  <date>2020-10-06T00:42:59</date>
  <millis>1601959379748</millis>
  <sequence>78</sequence>
  <level>START</level>
  <class>com.kms.katalon.core.logging.XmlKeywordLogger</class>
  <method>startKeyword</method>
  <thread>1</thread>
  <message>Start action : if (waitForElementPresent(findTestObject(\&amp;quot;Object Repository/A\u00F1adir Producto al Carrito/A\u00F1adir producto por Categoria/link_Categoria_Accesorios\&amp;quot;), timeOut))</message>
  <nestedLevel>2</nestedLevel>
  <property name="startLine">33</property>
  <property name="stepIndex">6</property>
</record>
<record>
  <date>2020-10-06T00:43:00</date>
  <millis>1601959380271</millis>
  <sequence>86</sequence>
  <level>PASSED</level>
  <class>com.kms.katalon.core.logging.XmlKeywordLogger</class>
  <method>logMessage</method>
  <thread>1</thread>
  <message>Object &amp;apos;Object Repository/A\u00F1adir Producto al Carrito/A\u00F1adir producto por Categoria/link_Categoria_Accesorios&amp;apos; is present</message>
  <nestedLevel>1</nestedLevel>
</record>
<record>
  <date>2020-10-06T00:43:00</date>
  <millis>1601959380272</millis>
  <sequence>87</sequence>
  <level>START</level>
  <class>com.kms.katalon.core.logging.XmlKeywordLogger</class>
  <method>startKeyword</method>
  <thread>1</thread>
  <message>Start action : click(findTestObject(\&amp;quot;A\u00F1adir Producto al Carrito/A\u00F1adir producto por Categoria/link_Categoria_Accesorios\&amp;quot;))</message>
  <nestedLevel>3</nestedLevel>
  <property name="startLine">34</property>
  <property name="stepIndex">1</property>
</record>
<record>
  <date>2020-10-06T00:43:05</date>
  <millis>1601959385401</millis>
  <sequence>96</sequence>
  <level>PASSED</level>
  <class>com.kms.katalon.core.logging.XmlKeywordLogger</class>
  <method>logMessage</method>
  <thread>1</thread>
  <message>Object: &amp;apos;Object Repository/A\u00F1adir Producto al Carrito/A\u00F1adir producto por Categoria/link_Categoria_Accesorios&amp;apos; is clicked on</message>
  <nestedLevel>1</nestedLevel>
</record>
<record>
  <date>2020-10-06T00:43:05</date>
  <millis>1601959385402</millis>
  <sequence>97</sequence>
  <level>END</level>
  <class>com.kms.katalon.core.logging.XmlKeywordLogger</class>
  <method>endKeyword</method>
  <thread>1</thread>
  <message>End action : click(findTestObject(\&amp;quot;A\u00F1adir Producto al Carrito/A\u00F1adir producto por Categoria/link_Categoria_Accesorios\&amp;quot;))</message>
  <nestedLevel>3</nestedLevel>
</record>
<record>
  <date>2020-10-06T00:43:05</date>
  <millis>1601959385403</millis>
  <sequence>98</sequence>
  <level>END</level>
  <class>com.kms.katalon.core.logging.XmlKeywordLogger</class>
  <method>endKeyword</method>
  <thread>1</thread>
  <message>End action : if (waitForElementPresent(findTestObject(\&amp;quot;Object Repository/A\u00F1adir Producto al Carrito/A\u00F1adir producto por Categoria/link_Categoria_Accesorios\&amp;quot;), timeOut))</message>
  <nestedLevel>2</nestedLevel>
</record>
<record>
  <date>2020-10-06T00:43:05</date>
  <millis>1601959385403</millis>
  <sequence>99</sequence>
  <level>START</level>
  <class>com.kms.katalon.core.logging.XmlKeywordLogger</class>
  <method>startKeyword</method>
  <thread>1</thread>
  <message>Start action : if (waitForElementPresent(findTestObject(\&amp;quot;Object Repository/A\u00F1adir Producto al Carrito/A\u00F1adir producto por Categoria/link_Calcetines_Algodon\&amp;quot;), timeOut))</message>
  <nestedLevel>2</nestedLevel>
  <property name="startLine">36</property>
  <property name="stepIndex">7</property>
</record>
<record>
  <date>2020-10-06T00:43:06</date>
  <millis>1601959386212</millis>
  <sequence>107</sequence>
  <level>PASSED</level>
  <class>com.kms.katalon.core.logging.XmlKeywordLogger</class>
  <method>logMessage</method>
  <thread>1</thread>
  <message>Object &amp;apos;Object Repository/A\u00F1adir Producto al Carrito/A\u00F1adir producto por Categoria/link_Calcetines_Algodon&amp;apos; is present</message>
  <nestedLevel>1</nestedLevel>
</record>
<record>
  <date>2020-10-06T00:43:06</date>
  <millis>1601959386213</millis>
  <sequence>108</sequence>
  <level>START</level>
  <class>com.kms.katalon.core.logging.XmlKeywordLogger</class>
  <method>startKeyword</method>
  <thread>1</thread>
  <message>Start action : click(findTestObject(\&amp;quot;A\u00F1adir Producto al Carrito/A\u00F1adir producto por Categoria/link_Calcetines_Algodon\&amp;quot;))</message>
  <nestedLevel>3</nestedLevel>
  <property name="startLine">37</property>
  <property name="stepIndex">1</property>
</record>
<record>
  <date>2020-10-06T00:43:07</date>
  <millis>1601959387042</millis>
  <sequence>117</sequence>
  <level>PASSED</level>
  <class>com.kms.katalon.core.logging.XmlKeywordLogger</class>
  <method>logMessage</method>
  <thread>1</thread>
  <message>Object: &amp;apos;Object Repository/A\u00F1adir Producto al Carrito/A\u00F1adir producto por Categoria/link_Calcetines_Algodon&amp;apos; is clicked on</message>
  <nestedLevel>1</nestedLevel>
</record>
<record>
  <date>2020-10-06T00:43:07</date>
  <millis>1601959387043</millis>
  <sequence>118</sequence>
  <level>END</level>
  <class>com.kms.katalon.core.logging.XmlKeywordLogger</class>
  <method>endKeyword</method>
  <thread>1</thread>
  <message>End action : click(findTestObject(\&amp;quot;A\u00F1adir Producto al Carrito/A\u00F1adir producto por Categoria/link_Calcetines_Algodon\&amp;quot;))</message>
  <nestedLevel>3</nestedLevel>
</record>
<record>
  <date>2020-10-06T00:43:07</date>
  <millis>1601959387044</millis>
  <sequence>119</sequence>
  <level>END</level>
  <class>com.kms.katalon.core.logging.XmlKeywordLogger</class>
  <method>endKeyword</method>
  <thread>1</thread>
  <message>End action : if (waitForElementPresent(findTestObject(\&amp;quot;Object Repository/A\u00F1adir Producto al Carrito/A\u00F1adir producto por Categoria/link_Calcetines_Algodon\&amp;quot;), timeOut))</message>
  <nestedLevel>2</nestedLevel>
</record>
<record>
  <date>2020-10-06T00:43:07</date>
  <millis>1601959387044</millis>
  <sequence>120</sequence>
  <level>START</level>
  <class>com.kms.katalon.core.logging.XmlKeywordLogger</class>
  <method>startKeyword</method>
  <thread>1</thread>
  <message>Start action : if (waitForElementPresent(findTestObject(\&amp;quot;Object Repository/A\u00F1adir Producto al Carrito/A\u00F1adir producto por Categoria/dropdown_Opcion_Size\&amp;quot;), timeOut))</message>
  <nestedLevel>2</nestedLevel>
  <property name="startLine">39</property>
  <property name="stepIndex">8</property>
</record>
<record>
  <date>2020-10-06T00:43:07</date>
  <millis>1601959387876</millis>
  <sequence>128</sequence>
  <level>PASSED</level>
  <class>com.kms.katalon.core.logging.XmlKeywordLogger</class>
  <method>logMessage</method>
  <thread>1</thread>
  <message>Object &amp;apos;Object Repository/A\u00F1adir Producto al Carrito/A\u00F1adir producto por Categoria/dropdown_Opcion_Size&amp;apos; is present</message>
  <nestedLevel>1</nestedLevel>
</record>
<record>
  <date>2020-10-06T00:43:07</date>
  <millis>1601959387877</millis>
  <sequence>129</sequence>
  <level>START</level>
  <class>com.kms.katalon.core.logging.XmlKeywordLogger</class>
  <method>startKeyword</method>
  <thread>1</thread>
  <message>Start action : click(findTestObject(\&amp;quot;A\u00F1adir Producto al Carrito/A\u00F1adir producto por Categoria/dropdown_Opcion_Size\&amp;quot;))</message>
  <nestedLevel>3</nestedLevel>
  <property name="startLine">40</property>
  <property name="stepIndex">1</property>
</record>
<record>
  <date>2020-10-06T00:43:10</date>
  <millis>1601959390947</millis>
  <sequence>138</sequence>
  <level>PASSED</level>
  <class>com.kms.katalon.core.logging.XmlKeywordLogger</class>
  <method>logMessage</method>
  <thread>1</thread>
  <message>Object: &amp;apos;Object Repository/A\u00F1adir Producto al Carrito/A\u00F1adir producto por Categoria/dropdown_Opcion_Size&amp;apos; is clicked on</message>
  <nestedLevel>1</nestedLevel>
</record>
<record>
  <date>2020-10-06T00:43:10</date>
  <millis>1601959390948</millis>
  <sequence>139</sequence>
  <level>END</level>
  <class>com.kms.katalon.core.logging.XmlKeywordLogger</class>
  <method>endKeyword</method>
  <thread>1</thread>
  <message>End action : click(findTestObject(\&amp;quot;A\u00F1adir Producto al Carrito/A\u00F1adir producto por Categoria/dropdown_Opcion_Size\&amp;quot;))</message>
  <nestedLevel>3</nestedLevel>
</record>
<record>
  <date>2020-10-06T00:43:10</date>
  <millis>1601959390949</millis>
  <sequence>140</sequence>
  <level>END</level>
  <class>com.kms.katalon.core.logging.XmlKeywordLogger</class>
  <method>endKeyword</method>
  <thread>1</thread>
  <message>End action : if (waitForElementPresent(findTestObject(\&amp;quot;Object Repository/A\u00F1adir Producto al Carrito/A\u00F1adir producto por Categoria/dropdown_Opcion_Size\&amp;quot;), timeOut))</message>
  <nestedLevel>2</nestedLevel>
</record>
<record>
  <date>2020-10-06T00:43:10</date>
  <millis>1601959390949</millis>
  <sequence>141</sequence>
  <level>START</level>
  <class>com.kms.katalon.core.logging.XmlKeywordLogger</class>
  <method>startKeyword</method>
  <thread>1</thread>
  <message>Start action : if (waitForElementPresent(findTestObject(\&amp;quot;Object Repository/A\u00F1adir Producto al Carrito/A\u00F1adir producto por Categoria/dropdown_Calcetines_Size\&amp;quot;), timeOut))</message>
  <nestedLevel>2</nestedLevel>
  <property name="startLine">42</property>
  <property name="stepIndex">9</property>
</record>
<record>
  <date>2020-10-06T00:43:14</date>
  <millis>1601959394127</millis>
  <sequence>149</sequence>
  <level>PASSED</level>
  <class>com.kms.katalon.core.logging.XmlKeywordLogger</class>
  <method>logMessage</method>
  <thread>1</thread>
  <message>Object &amp;apos;Object Repository/A\u00F1adir Producto al Carrito/A\u00F1adir producto por Categoria/dropdown_Calcetines_Size&amp;apos; is present</message>
  <nestedLevel>1</nestedLevel>
</record>
<record>
  <date>2020-10-06T00:43:14</date>
  <millis>1601959394129</millis>
  <sequence>150</sequence>
  <level>START</level>
  <class>com.kms.katalon.core.logging.XmlKeywordLogger</class>
  <method>startKeyword</method>
  <thread>1</thread>
  <message>Start action : click(findTestObject(\&amp;quot;A\u00F1adir Producto al Carrito/A\u00F1adir producto por Categoria/dropdown_Calcetines_Size\&amp;quot;))</message>
  <nestedLevel>3</nestedLevel>
  <property name="startLine">43</property>
  <property name="stepIndex">1</property>
</record>
<record>
  <date>2020-10-06T00:43:14</date>
  <millis>1601959394671</millis>
  <sequence>159</sequence>
  <level>PASSED</level>
  <class>com.kms.katalon.core.logging.XmlKeywordLogger</class>
  <method>logMessage</method>
  <thread>1</thread>
  <message>Object: &amp;apos;Object Repository/A\u00F1adir Producto al Carrito/A\u00F1adir producto por Categoria/dropdown_Calcetines_Size&amp;apos; is clicked on</message>
  <nestedLevel>1</nestedLevel>
</record>
<record>
  <date>2020-10-06T00:43:14</date>
  <millis>1601959394672</millis>
  <sequence>160</sequence>
  <level>END</level>
  <class>com.kms.katalon.core.logging.XmlKeywordLogger</class>
  <method>endKeyword</method>
  <thread>1</thread>
  <message>End action : click(findTestObject(\&amp;quot;A\u00F1adir Producto al Carrito/A\u00F1adir producto por Categoria/dropdown_Calcetines_Size\&amp;quot;))</message>
  <nestedLevel>3</nestedLevel>
</record>
<record>
  <date>2020-10-06T00:43:14</date>
  <millis>1601959394672</millis>
  <sequence>161</sequence>
  <level>END</level>
  <class>com.kms.katalon.core.logging.XmlKeywordLogger</class>
  <method>endKeyword</method>
  <thread>1</thread>
  <message>End action : if (waitForElementPresent(findTestObject(\&amp;quot;Object Repository/A\u00F1adir Producto al Carrito/A\u00F1adir producto por Categoria/dropdown_Calcetines_Size\&amp;quot;), timeOut))</message>
  <nestedLevel>2</nestedLevel>
</record>
<record>
  <date>2020-10-06T00:43:14</date>
  <millis>1601959394673</millis>
  <sequence>162</sequence>
  <level>START</level>
  <class>com.kms.katalon.core.logging.XmlKeywordLogger</class>
  <method>startKeyword</method>
  <thread>1</thread>
  <message>Start action : if (waitForElementPresent(findTestObject(\&amp;quot;Object Repository/A\u00F1adir Producto al Carrito/A\u00F1adir producto por Categoria/btn_Color_Calcetines\&amp;quot;), timeOut))</message>
  <nestedLevel>2</nestedLevel>
  <property name="startLine">45</property>
  <property name="stepIndex">10</property>
</record>
<record>
  <date>2020-10-06T00:43:18</date>
  <millis>1601959398223</millis>
  <sequence>170</sequence>
  <level>PASSED</level>
  <class>com.kms.katalon.core.logging.XmlKeywordLogger</class>
  <method>logMessage</method>
  <thread>1</thread>
  <message>Object &amp;apos;Object Repository/A\u00F1adir Producto al Carrito/A\u00F1adir producto por Categoria/btn_Color_Calcetines&amp;apos; is present</message>
  <nestedLevel>1</nestedLevel>
</record>
<record>
  <date>2020-10-06T00:43:18</date>
  <millis>1601959398224</millis>
  <sequence>171</sequence>
  <level>START</level>
  <class>com.kms.katalon.core.logging.XmlKeywordLogger</class>
  <method>startKeyword</method>
  <thread>1</thread>
  <message>Start action : click(findTestObject(\&amp;quot;Object Repository/A\u00F1adir Producto al Carrito/A\u00F1adir producto por Categoria/btn_Color_Calcetines\&amp;quot;))</message>
  <nestedLevel>3</nestedLevel>
  <property name="startLine">46</property>
  <property name="stepIndex">1</property>
</record>
<record>
  <date>2020-10-06T00:43:19</date>
  <millis>1601959399287</millis>
  <sequence>180</sequence>
  <level>PASSED</level>
  <class>com.kms.katalon.core.logging.XmlKeywordLogger</class>
  <method>logMessage</method>
  <thread>1</thread>
  <message>Object: &amp;apos;Object Repository/A\u00F1adir Producto al Carrito/A\u00F1adir producto por Categoria/btn_Color_Calcetines&amp;apos; is clicked on</message>
  <nestedLevel>1</nestedLevel>
</record>
<record>
  <date>2020-10-06T00:43:19</date>
  <millis>1601959399288</millis>
  <sequence>181</sequence>
  <level>END</level>
  <class>com.kms.katalon.core.logging.XmlKeywordLogger</class>
  <method>endKeyword</method>
  <thread>1</thread>
  <message>End action : click(findTestObject(\&amp;quot;Object Repository/A\u00F1adir Producto al Carrito/A\u00F1adir producto por Categoria/btn_Color_Calcetines\&amp;quot;))</message>
  <nestedLevel>3</nestedLevel>
</record>
<record>
  <date>2020-10-06T00:43:19</date>
  <millis>1601959399289</millis>
  <sequence>182</sequence>
  <level>END</level>
  <class>com.kms.katalon.core.logging.XmlKeywordLogger</class>
  <method>endKeyword</method>
  <thread>1</thread>
  <message>End action : if (waitForElementPresent(findTestObject(\&amp;quot;Object Repository/A\u00F1adir Producto al Carrito/A\u00F1adir producto por Categoria/btn_Color_Calcetines\&amp;quot;), timeOut))</message>
  <nestedLevel>2</nestedLevel>
</record>
<record>
  <date>2020-10-06T00:43:19</date>
  <millis>1601959399291</millis>
  <sequence>183</sequence>
  <level>START</level>
  <class>com.kms.katalon.core.logging.XmlKeywordLogger</class>
  <method>startKeyword</method>
  <thread>1</thread>
  <message>Start action : colorSeleccionado = getText(findTestObject(\&amp;quot;Object Repository/A\u00F1adir Producto al Carrito/A\u00F1adir producto por Categoria/label_Color_Seleccionado\&amp;quot;))</message>
  <nestedLevel>2</nestedLevel>
  <property name="startLine">51</property>
  <property name="stepIndex">11</property>
</record>
<record>
  <date>2020-10-06T00:43:22</date>
  <millis>1601959402934</millis>
  <sequence>192</sequence>
  <level>PASSED</level>
  <class>com.kms.katalon.core.logging.XmlKeywordLogger</class>
  <method>logMessage</method>
  <thread>1</thread>
  <message>Text of object &amp;apos;Object Repository/A\u00F1adir Producto al Carrito/A\u00F1adir producto por Categoria/label_Color_Seleccionado&amp;apos; is: &amp;apos;Girl Stripes&amp;apos;</message>
  <nestedLevel>1</nestedLevel>
</record>
<record>
  <date>2020-10-06T00:43:22</date>
  <millis>1601959402934</millis>
  <sequence>193</sequence>
  <level>END</level>
  <class>com.kms.katalon.core.logging.XmlKeywordLogger</class>
  <method>endKeyword</method>
  <thread>1</thread>
  <message>End action : colorSeleccionado = getText(findTestObject(\&amp;quot;Object Repository/A\u00F1adir Producto al Carrito/A\u00F1adir producto por Categoria/label_Color_Seleccionado\&amp;quot;))</message>
  <nestedLevel>2</nestedLevel>
</record>
<record>
  <date>2020-10-06T00:43:22</date>
  <millis>1601959402935</millis>
  <sequence>194</sequence>
  <level>START</level>
  <class>com.kms.katalon.core.logging.XmlKeywordLogger</class>
  <method>startKeyword</method>
  <thread>1</thread>
  <message>Start action : println(colorSeleccionado)</message>
  <nestedLevel>2</nestedLevel>
  <property name="startLine">53</property>
  <property name="stepIndex">12</property>
</record>
<record>
  <date>2020-10-06T00:43:22</date>
  <millis>1601959402939</millis>
  <sequence>195</sequence>
  <level>END</level>
  <class>com.kms.katalon.core.logging.XmlKeywordLogger</class>
  <method>endKeyword</method>
  <thread>1</thread>
  <message>End action : println(colorSeleccionado)</message>
  <nestedLevel>2</nestedLevel>
</record>
<record>
  <date>2020-10-06T00:43:22</date>
  <millis>1601959402940</millis>
  <sequence>196</sequence>
  <level>START</level>
  <class>com.kms.katalon.core.logging.XmlKeywordLogger</class>
  <method>startKeyword</method>
  <thread>1</thread>
  <message>Start action : if (colorSeleccionado == colorMediaRosado)</message>
  <nestedLevel>2</nestedLevel>
  <property name="startLine">55</property>
  <property name="stepIndex">13</property>
</record>
<record>
  <date>2020-10-06T00:43:22</date>
  <millis>1601959402942</millis>
  <sequence>197</sequence>
  <level>START</level>
  <class>com.kms.katalon.core.logging.XmlKeywordLogger</class>
  <method>startKeyword</method>
  <thread>1</thread>
  <message>Start action : println(\&amp;quot;Color correcto!\&amp;quot;)</message>
  <nestedLevel>3</nestedLevel>
  <property name="startLine">56</property>
  <property name="stepIndex">1</property>
</record>
<record>
  <date>2020-10-06T00:43:22</date>
  <millis>1601959402944</millis>
  <sequence>198</sequence>
  <level>END</level>
  <class>com.kms.katalon.core.logging.XmlKeywordLogger</class>
  <method>endKeyword</method>
  <thread>1</thread>
  <message>End action : println(\&amp;quot;Color correcto!\&amp;quot;)</message>
  <nestedLevel>3</nestedLevel>
</record>
<record>
  <date>2020-10-06T00:43:22</date>
  <millis>1601959402944</millis>
  <sequence>199</sequence>
  <level>END</level>
  <class>com.kms.katalon.core.logging.XmlKeywordLogger</class>
  <method>endKeyword</method>
  <thread>1</thread>
  <message>End action : if (colorSeleccionado == colorMediaRosado)</message>
  <nestedLevel>2</nestedLevel>
</record>
<record>
  <date>2020-10-06T00:43:22</date>
  <millis>1601959402945</millis>
  <sequence>200</sequence>
  <level>START</level>
  <class>com.kms.katalon.core.logging.XmlKeywordLogger</class>
  <method>startKeyword</method>
  <thread>1</thread>
  <message>Start action : click(findTestObject(\&amp;quot;Object Repository/A\u00F1adir Producto al Carrito/A\u00F1adir producto por Categoria/btn_A\u00F1adir_Carrito\&amp;quot;))</message>
  <nestedLevel>2</nestedLevel>
  <property name="startLine">61</property>
  <property name="stepIndex">15</property>
</record>
<record>
  <date>2020-10-06T00:43:25</date>
  <millis>1601959405398</millis>
  <sequence>209</sequence>
  <level>PASSED</level>
  <class>com.kms.katalon.core.logging.XmlKeywordLogger</class>
  <method>logMessage</method>
  <thread>1</thread>
  <message>Object: &amp;apos;Object Repository/A\u00F1adir Producto al Carrito/A\u00F1adir producto por Categoria/btn_A\u00F1adir_Carrito&amp;apos; is clicked on</message>
  <nestedLevel>1</nestedLevel>
</record>
<record>
  <date>2020-10-06T00:43:25</date>
  <millis>1601959405399</millis>
  <sequence>210</sequence>
  <level>END</level>
  <class>com.kms.katalon.core.logging.XmlKeywordLogger</class>
  <method>endKeyword</method>
  <thread>1</thread>
  <message>End action : click(findTestObject(\&amp;quot;Object Repository/A\u00F1adir Producto al Carrito/A\u00F1adir producto por Categoria/btn_A\u00F1adir_Carrito\&amp;quot;))</message>
  <nestedLevel>2</nestedLevel>
</record>
<record>
  <date>2020-10-06T00:43:25</date>
  <millis>1601959405399</millis>
  <sequence>211</sequence>
  <level>START</level>
  <class>com.kms.katalon.core.logging.XmlKeywordLogger</class>
  <method>startKeyword</method>
  <thread>1</thread>
  <message>Start action : closeBrowser()</message>
  <nestedLevel>2</nestedLevel>
  <property name="startLine">64</property>
  <property name="stepIndex">16</property>
</record>
<record>
  <date>2020-10-06T00:43:26</date>
  <millis>1601959406530</millis>
  <sequence>213</sequence>
  <level>PASSED</level>
  <class>com.kms.katalon.core.logging.XmlKeywordLogger</class>
  <method>logMessage</method>
  <thread>1</thread>
  <message>Browser is closed</message>
  <nestedLevel>1</nestedLevel>
</record>
<record>
  <date>2020-10-06T00:43:26</date>
  <millis>1601959406530</millis>
  <sequence>214</sequence>
  <level>END</level>
  <class>com.kms.katalon.core.logging.XmlKeywordLogger</class>
  <method>endKeyword</method>
  <thread>1</thread>
  <message>End action : closeBrowser()</message>
  <nestedLevel>2</nestedLevel>
</record>
<record>
  <date>2020-10-06T00:43:26</date>
  <millis>1601959406531</millis>
  <sequence>215</sequence>
  <level>END</level>
  <class>com.kms.katalon.core.logging.XmlKeywordLogger</class>
  <method>endKeyword</method>
  <thread>1</thread>
  <message>End action : try</message>
  <nestedLevel>1</nestedLevel>
</record>
<record>
  <date>2020-10-06T00:43:26</date>
  <millis>1601959406531</millis>
  <sequence>216</sequence>
  <level>PASSED</level>
  <class>com.kms.katalon.core.logging.XmlKeywordLogger</class>
  <method>logMessage</method>
  <thread>1</thread>
  <message>Test Cases/A\u00F1adir Producto al Carrito/A\u00F1adir Producto por Seccion Categorias</message>
  <nestedLevel>1</nestedLevel>
</record>
<record>
  <date>2020-10-06T00:43:26</date>
  <millis>1601959406532</millis>
  <sequence>217</sequence>
  <level>END</level>
  <class>com.kms.katalon.core.logging.XmlKeywordLogger</class>
  <method>endTest</method>
  <thread>1</thread>
  <message>End Test Case : Test Cases/A\u00F1adir Producto al Carrito/A\u00F1adir Producto por Seccion Categorias</message>
  <nestedLevel>0</nestedLevel>
</record>
<record>
  <date>2020-10-06T00:43:26</date>
  <millis>1601959406542</millis>
  <sequence>218</sequence>
  <level>START</level>
  <class>com.kms.katalon.core.logging.XmlKeywordLogger</class>
  <method>startTest</method>
  <thread>1</thread>
  <message>Start Test Case : Test Cases/A\u00F1adir Producto al Carrito/A\u00F1adir Producto por Barra de Busqueda</message>
  <nestedLevel>1</nestedLevel>
  <property name="name">Test Cases/A\u00F1adir Producto al Carrito/A\u00F1adir Producto por Barra de Busqueda</property>
  <property name="description"></property>
  <property name="id">Test Cases/A\u00F1adir Producto al Carrito/A\u00F1adir Producto por Barra de Busqueda</property>
  <property name="source">C:\\Users\\Karina\\Desktop\\Automation-Test-Oriontek\\Test Cases\\A\u00F1adir Producto al Carrito\\A\u00F1adir Producto por Barra de Busqueda.tc</property>
  <property name="tag"></property>
  <property name="isOptional">false</property>
</record>
<record>
  <date>2020-10-06T00:43:26</date>
  <millis>1601959406596</millis>
  <sequence>220</sequence>
  <level>INFO</level>
  <class>com.kms.katalon.core.logging.XmlKeywordLogger</class>
  <method>logMessage</method>
  <thread>1</thread>
  <message>(Default) colorMediaRosado = Girl Stripes</message>
  <nestedLevel>1</nestedLevel>
</record>
<record>
  <date>2020-10-06T00:43:27</date>
  <millis>1601959407192</millis>
  <sequence>221</sequence>
  <level>START</level>
  <class>com.kms.katalon.core.logging.XmlKeywordLogger</class>
  <method>startKeyword</method>
  <thread>1</thread>
  <message>Start action : try</message>
  <nestedLevel>1</nestedLevel>
  <property name="startLine">21</property>
  <property name="stepIndex">1</property>
</record>
<record>
  <date>2020-10-06T00:43:27</date>
  <millis>1601959407194</millis>
  <sequence>222</sequence>
  <level>START</level>
  <class>com.kms.katalon.core.logging.XmlKeywordLogger</class>
  <method>startKeyword</method>
  <thread>1</thread>
  <message>Start action : openBrowser(\&amp;quot;\&amp;quot;)</message>
  <nestedLevel>2</nestedLevel>
  <property name="startLine">22</property>
  <property name="stepIndex">1</property>
</record>
<record>
  <date>2020-10-06T00:43:27</date>
  <millis>1601959407232</millis>
  <sequence>224</sequence>
  <level>INFO</level>
  <class>com.kms.katalon.core.logging.XmlKeywordLogger</class>
  <method>logMessage</method>
  <thread>1</thread>
  <message>Starting &amp;apos;Chrome&amp;apos; driver</message>
  <nestedLevel>1</nestedLevel>
</record>
<record>
  <date>2020-10-06T00:43:27</date>
  <millis>1601959407239</millis>
  <sequence>226</sequence>
  <level>INFO</level>
  <class>com.kms.katalon.core.logging.XmlKeywordLogger</class>
  <method>logMessage</method>
  <thread>1</thread>
  <message>Action delay is set to 0 milliseconds</message>
  <nestedLevel>1</nestedLevel>
</record>
<record>
  <date>2020-10-06T00:43:30</date>
  <millis>1601959410599</millis>
  <sequence>228</sequence>
  <level>RUN_DATA</level>
  <class>com.kms.katalon.core.logging.XmlKeywordLogger</class>
  <method>logMessage</method>
  <thread>1</thread>
  <message>sessionId = 7ee90877f1a13efc14bdea4e76dbf13b</message>
  <nestedLevel>1</nestedLevel>
  <property name="sessionId">7ee90877f1a13efc14bdea4e76dbf13b</property>
</record>
<record>
  <date>2020-10-06T00:43:30</date>
  <millis>1601959410623</millis>
  <sequence>229</sequence>
  <level>RUN_DATA</level>
  <class>com.kms.katalon.core.logging.XmlKeywordLogger</class>
  <method>logMessage</method>
  <thread>1</thread>
  <message>browser = Chrome 85.0.4183.121</message>
  <nestedLevel>1</nestedLevel>
  <property name="browser">Chrome 85.0.4183.121</property>
</record>
<record>
  <date>2020-10-06T00:43:30</date>
  <millis>1601959410623</millis>
  <sequence>230</sequence>
  <level>RUN_DATA</level>
  <class>com.kms.katalon.core.logging.XmlKeywordLogger</class>
  <method>logMessage</method>
  <thread>1</thread>
  <message>platform = Windows 10</message>
  <nestedLevel>1</nestedLevel>
  <property name="platform">Windows 10</property>
</record>
<record>
  <date>2020-10-06T00:43:30</date>
  <millis>1601959410624</millis>
  <sequence>231</sequence>
  <level>RUN_DATA</level>
  <class>com.kms.katalon.core.logging.XmlKeywordLogger</class>
  <method>logMessage</method>
  <thread>1</thread>
  <message>seleniumVersion = 3.141.59</message>
  <nestedLevel>1</nestedLevel>
  <property name="seleniumVersion">3.141.59</property>
</record>
<record>
  <date>2020-10-06T00:43:30</date>
  <millis>1601959410625</millis>
  <sequence>232</sequence>
  <level>RUN_DATA</level>
  <class>com.kms.katalon.core.logging.XmlKeywordLogger</class>
  <method>logMessage</method>
  <thread>1</thread>
  <message>proxyInformation = ProxyInformation { proxyOption=NO_PROXY, proxyServerType=HTTP, username=, password=********, proxyServerAddress=, proxyServerPort=0, executionList=\&amp;quot;\&amp;quot;, isApplyToDesiredCapabilities=true }</message>
  <nestedLevel>1</nestedLevel>
  <property name="proxyInformation">ProxyInformation { proxyOption=NO_PROXY, proxyServerType=HTTP, username=, password=********, proxyServerAddress=, proxyServerPort=0, executionList=\&quot;\&quot;, isApplyToDesiredCapabilities=true }</property>
</record>
<record>
  <date>2020-10-06T00:43:30</date>
  <millis>1601959410648</millis>
  <sequence>233</sequence>
  <level>PASSED</level>
  <class>com.kms.katalon.core.logging.XmlKeywordLogger</class>
  <method>logMessage</method>
  <thread>1</thread>
  <message>Browser is opened with url: &amp;apos;&amp;apos;</message>
  <nestedLevel>1</nestedLevel>
</record>
<record>
  <date>2020-10-06T00:43:30</date>
  <millis>1601959410649</millis>
  <sequence>234</sequence>
  <level>END</level>
  <class>com.kms.katalon.core.logging.XmlKeywordLogger</class>
  <method>endKeyword</method>
  <thread>1</thread>
  <message>End action : openBrowser(\&amp;quot;\&amp;quot;)</message>
  <nestedLevel>2</nestedLevel>
</record>
<record>
  <date>2020-10-06T00:43:30</date>
  <millis>1601959410649</millis>
  <sequence>235</sequence>
  <level>START</level>
  <class>com.kms.katalon.core.logging.XmlKeywordLogger</class>
  <method>startKeyword</method>
  <thread>1</thread>
  <message>Start action : navigateToUrl(URL)</message>
  <nestedLevel>2</nestedLevel>
  <property name="startLine">24</property>
  <property name="stepIndex">2</property>
</record>
<record>
  <date>2020-10-06T00:43:36</date>
  <millis>1601959416990</millis>
  <sequence>238</sequence>
  <level>PASSED</level>
  <class>com.kms.katalon.core.logging.XmlKeywordLogger</class>
  <method>logMessage</method>
  <thread>1</thread>
  <message>Navigate to &amp;apos;https://www.amazon.com&amp;apos; successfully</message>
  <nestedLevel>1</nestedLevel>
</record>
<record>
  <date>2020-10-06T00:43:36</date>
  <millis>1601959416991</millis>
  <sequence>239</sequence>
  <level>END</level>
  <class>com.kms.katalon.core.logging.XmlKeywordLogger</class>
  <method>endKeyword</method>
  <thread>1</thread>
  <message>End action : navigateToUrl(URL)</message>
  <nestedLevel>2</nestedLevel>
</record>
<record>
  <date>2020-10-06T00:43:36</date>
  <millis>1601959416992</millis>
  <sequence>240</sequence>
  <level>START</level>
  <class>com.kms.katalon.core.logging.XmlKeywordLogger</class>
  <method>startKeyword</method>
  <thread>1</thread>
  <message>Start action : maximizeWindow()</message>
  <nestedLevel>2</nestedLevel>
  <property name="startLine">26</property>
  <property name="stepIndex">3</property>
</record>
<record>
  <date>2020-10-06T00:43:39</date>
  <millis>1601959419267</millis>
  <sequence>242</sequence>
  <level>PASSED</level>
  <class>com.kms.katalon.core.logging.XmlKeywordLogger</class>
  <method>logMessage</method>
  <thread>1</thread>
  <message>Current window maximized</message>
  <nestedLevel>1</nestedLevel>
</record>
<record>
  <date>2020-10-06T00:43:39</date>
  <millis>1601959419269</millis>
  <sequence>243</sequence>
  <level>END</level>
  <class>com.kms.katalon.core.logging.XmlKeywordLogger</class>
  <method>endKeyword</method>
  <thread>1</thread>
  <message>End action : maximizeWindow()</message>
  <nestedLevel>2</nestedLevel>
</record>
<record>
  <date>2020-10-06T00:43:39</date>
  <millis>1601959419269</millis>
  <sequence>244</sequence>
  <level>START</level>
  <class>com.kms.katalon.core.logging.XmlKeywordLogger</class>
  <method>startKeyword</method>
  <thread>1</thread>
  <message>Start action : if (waitForElementPresent(findTestObject(\&amp;quot;Object Repository/A\u00F1adir Producto al Carrito/A\u00F1adir Producto por Barra de Busqueda/input_Barra_Busqueda\&amp;quot;), timeOut))</message>
  <nestedLevel>2</nestedLevel>
  <property name="startLine">28</property>
  <property name="stepIndex">4</property>
</record>
<record>
  <date>2020-10-06T00:43:41</date>
  <millis>1601959421573</millis>
  <sequence>252</sequence>
  <level>PASSED</level>
  <class>com.kms.katalon.core.logging.XmlKeywordLogger</class>
  <method>logMessage</method>
  <thread>1</thread>
  <message>Object &amp;apos;Object Repository/A\u00F1adir Producto al Carrito/A\u00F1adir Producto por Barra de Busqueda/input_Barra_Busqueda&amp;apos; is present</message>
  <nestedLevel>1</nestedLevel>
</record>
<record>
  <date>2020-10-06T00:43:41</date>
  <millis>1601959421574</millis>
  <sequence>253</sequence>
  <level>START</level>
  <class>com.kms.katalon.core.logging.XmlKeywordLogger</class>
  <method>startKeyword</method>
  <thread>1</thread>
  <message>Start action : setText(findTestObject(\&amp;quot;A\u00F1adir Producto al Carrito/A\u00F1adir Producto por Barra de Busqueda/input_Barra_Busqueda\&amp;quot;), \&amp;quot;Calcetines Touched by Nature de algod\u00F3n org\u00E1nico\&amp;quot;)</message>
  <nestedLevel>3</nestedLevel>
  <property name="startLine">29</property>
  <property name="stepIndex">1</property>
</record>
<record>
  <date>2020-10-06T00:43:44</date>
  <millis>1601959424649</millis>
  <sequence>269</sequence>
  <level>PASSED</level>
  <class>com.kms.katalon.core.logging.XmlKeywordLogger</class>
  <method>logMessage</method>
  <thread>1</thread>
  <message>Text &amp;apos;Calcetines Touched by Nature de algod\u00F3n org\u00E1nico&amp;apos; is set on object &amp;apos;Object Repository/A\u00F1adir Producto al Carrito/A\u00F1adir Producto por Barra de Busqueda/input_Barra_Busqueda&amp;apos;</message>
  <nestedLevel>1</nestedLevel>
</record>
<record>
  <date>2020-10-06T00:43:44</date>
  <millis>1601959424650</millis>
  <sequence>270</sequence>
  <level>END</level>
  <class>com.kms.katalon.core.logging.XmlKeywordLogger</class>
  <method>endKeyword</method>
  <thread>1</thread>
  <message>End action : setText(findTestObject(\&amp;quot;A\u00F1adir Producto al Carrito/A\u00F1adir Producto por Barra de Busqueda/input_Barra_Busqueda\&amp;quot;), \&amp;quot;Calcetines Touched by Nature de algod\u00F3n org\u00E1nico\&amp;quot;)</message>
  <nestedLevel>3</nestedLevel>
</record>
<record>
  <date>2020-10-06T00:43:44</date>
  <millis>1601959424650</millis>
  <sequence>271</sequence>
  <level>END</level>
  <class>com.kms.katalon.core.logging.XmlKeywordLogger</class>
  <method>endKeyword</method>
  <thread>1</thread>
  <message>End action : if (waitForElementPresent(findTestObject(\&amp;quot;Object Repository/A\u00F1adir Producto al Carrito/A\u00F1adir Producto por Barra de Busqueda/input_Barra_Busqueda\&amp;quot;), timeOut))</message>
  <nestedLevel>2</nestedLevel>
</record>
<record>
  <date>2020-10-06T00:43:44</date>
  <millis>1601959424651</millis>
  <sequence>272</sequence>
  <level>START</level>
  <class>com.kms.katalon.core.logging.XmlKeywordLogger</class>
  <method>startKeyword</method>
  <thread>1</thread>
  <message>Start action : sendKeys(findTestObject(\&amp;quot;A\u00F1adir Producto al Carrito/A\u00F1adir Producto por Barra de Busqueda/input_Barra_Busqueda\&amp;quot;), Keys.chord(ENTER))</message>
  <nestedLevel>2</nestedLevel>
  <property name="startLine">34</property>
  <property name="stepIndex">5</property>
</record>
<record>
  <date>2020-10-06T00:43:56</date>
  <millis>1601959436164</millis>
  <sequence>280</sequence>
  <level>PASSED</level>
  <class>com.kms.katalon.core.logging.XmlKeywordLogger</class>
  <method>logMessage</method>
  <thread>1</thread>
  <message>Keys &amp;apos;ENTER + &amp;apos; sent to object: &amp;apos;Object Repository/A\u00F1adir Producto al Carrito/A\u00F1adir Producto por Barra de Busqueda/input_Barra_Busqueda&amp;apos;</message>
  <nestedLevel>1</nestedLevel>
</record>
<record>
  <date>2020-10-06T00:43:56</date>
  <millis>1601959436164</millis>
  <sequence>281</sequence>
  <level>END</level>
  <class>com.kms.katalon.core.logging.XmlKeywordLogger</class>
  <method>endKeyword</method>
  <thread>1</thread>
  <message>End action : sendKeys(findTestObject(\&amp;quot;A\u00F1adir Producto al Carrito/A\u00F1adir Producto por Barra de Busqueda/input_Barra_Busqueda\&amp;quot;), Keys.chord(ENTER))</message>
  <nestedLevel>2</nestedLevel>
</record>
<record>
  <date>2020-10-06T00:43:56</date>
  <millis>1601959436165</millis>
  <sequence>282</sequence>
  <level>START</level>
  <class>com.kms.katalon.core.logging.XmlKeywordLogger</class>
  <method>startKeyword</method>
  <thread>1</thread>
  <message>Start action : if (waitForElementPresent(findTestObject(\&amp;quot;A\u00F1adir Producto al Carrito/A\u00F1adir producto por Categoria/link_Calcetines_Algodon\&amp;quot;), timeOut))</message>
  <nestedLevel>2</nestedLevel>
  <property name="startLine">37</property>
  <property name="stepIndex">6</property>
</record>
<record>
  <date>2020-10-06T00:43:57</date>
  <millis>1601959437104</millis>
  <sequence>290</sequence>
  <level>PASSED</level>
  <class>com.kms.katalon.core.logging.XmlKeywordLogger</class>
  <method>logMessage</method>
  <thread>1</thread>
  <message>Object &amp;apos;Object Repository/A\u00F1adir Producto al Carrito/A\u00F1adir producto por Categoria/link_Calcetines_Algodon&amp;apos; is present</message>
  <nestedLevel>1</nestedLevel>
</record>
<record>
  <date>2020-10-06T00:43:57</date>
  <millis>1601959437104</millis>
  <sequence>291</sequence>
  <level>START</level>
  <class>com.kms.katalon.core.logging.XmlKeywordLogger</class>
  <method>startKeyword</method>
  <thread>1</thread>
  <message>Start action : click(findTestObject(\&amp;quot;A\u00F1adir Producto al Carrito/A\u00F1adir producto por Categoria/link_Calcetines_Algodon\&amp;quot;))</message>
  <nestedLevel>3</nestedLevel>
  <property name="startLine">38</property>
  <property name="stepIndex">1</property>
</record>
<record>
  <date>2020-10-06T00:44:04</date>
  <millis>1601959444175</millis>
  <sequence>300</sequence>
  <level>PASSED</level>
  <class>com.kms.katalon.core.logging.XmlKeywordLogger</class>
  <method>logMessage</method>
  <thread>1</thread>
  <message>Object: &amp;apos;Object Repository/A\u00F1adir Producto al Carrito/A\u00F1adir producto por Categoria/link_Calcetines_Algodon&amp;apos; is clicked on</message>
  <nestedLevel>1</nestedLevel>
</record>
<record>
  <date>2020-10-06T00:44:04</date>
  <millis>1601959444176</millis>
  <sequence>301</sequence>
  <level>END</level>
  <class>com.kms.katalon.core.logging.XmlKeywordLogger</class>
  <method>endKeyword</method>
  <thread>1</thread>
  <message>End action : click(findTestObject(\&amp;quot;A\u00F1adir Producto al Carrito/A\u00F1adir producto por Categoria/link_Calcetines_Algodon\&amp;quot;))</message>
  <nestedLevel>3</nestedLevel>
</record>
<record>
  <date>2020-10-06T00:44:04</date>
  <millis>1601959444176</millis>
  <sequence>302</sequence>
  <level>END</level>
  <class>com.kms.katalon.core.logging.XmlKeywordLogger</class>
  <method>endKeyword</method>
  <thread>1</thread>
  <message>End action : if (waitForElementPresent(findTestObject(\&amp;quot;A\u00F1adir Producto al Carrito/A\u00F1adir producto por Categoria/link_Calcetines_Algodon\&amp;quot;), timeOut))</message>
  <nestedLevel>2</nestedLevel>
</record>
<record>
  <date>2020-10-06T00:44:04</date>
  <millis>1601959444177</millis>
  <sequence>303</sequence>
  <level>START</level>
  <class>com.kms.katalon.core.logging.XmlKeywordLogger</class>
  <method>startKeyword</method>
  <thread>1</thread>
  <message>Start action : if (waitForElementPresent(findTestObject(\&amp;quot;A\u00F1adir Producto al Carrito/A\u00F1adir producto por Categoria/dropdown_Opcion_Size\&amp;quot;), timeOut))</message>
  <nestedLevel>2</nestedLevel>
  <property name="startLine">41</property>
  <property name="stepIndex">7</property>
</record>
<record>
  <date>2020-10-06T00:44:07</date>
  <millis>1601959447253</millis>
  <sequence>311</sequence>
  <level>PASSED</level>
  <class>com.kms.katalon.core.logging.XmlKeywordLogger</class>
  <method>logMessage</method>
  <thread>1</thread>
  <message>Object &amp;apos;Object Repository/A\u00F1adir Producto al Carrito/A\u00F1adir producto por Categoria/dropdown_Opcion_Size&amp;apos; is present</message>
  <nestedLevel>1</nestedLevel>
</record>
<record>
  <date>2020-10-06T00:44:07</date>
  <millis>1601959447254</millis>
  <sequence>312</sequence>
  <level>START</level>
  <class>com.kms.katalon.core.logging.XmlKeywordLogger</class>
  <method>startKeyword</method>
  <thread>1</thread>
  <message>Start action : click(findTestObject(\&amp;quot;A\u00F1adir Producto al Carrito/A\u00F1adir producto por Categoria/dropdown_Opcion_Size\&amp;quot;))</message>
  <nestedLevel>3</nestedLevel>
  <property name="startLine">42</property>
  <property name="stepIndex">1</property>
</record>
<record>
  <date>2020-10-06T00:44:08</date>
  <millis>1601959448166</millis>
  <sequence>321</sequence>
  <level>PASSED</level>
  <class>com.kms.katalon.core.logging.XmlKeywordLogger</class>
  <method>logMessage</method>
  <thread>1</thread>
  <message>Object: &amp;apos;Object Repository/A\u00F1adir Producto al Carrito/A\u00F1adir producto por Categoria/dropdown_Opcion_Size&amp;apos; is clicked on</message>
  <nestedLevel>1</nestedLevel>
</record>
<record>
  <date>2020-10-06T00:44:08</date>
  <millis>1601959448167</millis>
  <sequence>322</sequence>
  <level>END</level>
  <class>com.kms.katalon.core.logging.XmlKeywordLogger</class>
  <method>endKeyword</method>
  <thread>1</thread>
  <message>End action : click(findTestObject(\&amp;quot;A\u00F1adir Producto al Carrito/A\u00F1adir producto por Categoria/dropdown_Opcion_Size\&amp;quot;))</message>
  <nestedLevel>3</nestedLevel>
</record>
<record>
  <date>2020-10-06T00:44:08</date>
  <millis>1601959448167</millis>
  <sequence>323</sequence>
  <level>END</level>
  <class>com.kms.katalon.core.logging.XmlKeywordLogger</class>
  <method>endKeyword</method>
  <thread>1</thread>
  <message>End action : if (waitForElementPresent(findTestObject(\&amp;quot;A\u00F1adir Producto al Carrito/A\u00F1adir producto por Categoria/dropdown_Opcion_Size\&amp;quot;), timeOut))</message>
  <nestedLevel>2</nestedLevel>
</record>
<record>
  <date>2020-10-06T00:44:08</date>
  <millis>1601959448168</millis>
  <sequence>324</sequence>
  <level>START</level>
  <class>com.kms.katalon.core.logging.XmlKeywordLogger</class>
  <method>startKeyword</method>
  <thread>1</thread>
  <message>Start action : if (waitForElementPresent(findTestObject(\&amp;quot;A\u00F1adir Producto al Carrito/A\u00F1adir producto por Categoria/dropdown_Calcetines_Size\&amp;quot;), timeOut))</message>
  <nestedLevel>2</nestedLevel>
  <property name="startLine">45</property>
  <property name="stepIndex">8</property>
</record>
<record>
  <date>2020-10-06T00:44:08</date>
  <millis>1601959448771</millis>
  <sequence>332</sequence>
  <level>PASSED</level>
  <class>com.kms.katalon.core.logging.XmlKeywordLogger</class>
  <method>logMessage</method>
  <thread>1</thread>
  <message>Object &amp;apos;Object Repository/A\u00F1adir Producto al Carrito/A\u00F1adir producto por Categoria/dropdown_Calcetines_Size&amp;apos; is present</message>
  <nestedLevel>1</nestedLevel>
</record>
<record>
  <date>2020-10-06T00:44:08</date>
  <millis>1601959448772</millis>
  <sequence>333</sequence>
  <level>START</level>
  <class>com.kms.katalon.core.logging.XmlKeywordLogger</class>
  <method>startKeyword</method>
  <thread>1</thread>
  <message>Start action : click(findTestObject(\&amp;quot;A\u00F1adir Producto al Carrito/A\u00F1adir producto por Categoria/dropdown_Calcetines_Size\&amp;quot;))</message>
  <nestedLevel>3</nestedLevel>
  <property name="startLine">46</property>
  <property name="stepIndex">1</property>
</record>
<record>
  <date>2020-10-06T00:44:09</date>
  <millis>1601959449482</millis>
  <sequence>342</sequence>
  <level>PASSED</level>
  <class>com.kms.katalon.core.logging.XmlKeywordLogger</class>
  <method>logMessage</method>
  <thread>1</thread>
  <message>Object: &amp;apos;Object Repository/A\u00F1adir Producto al Carrito/A\u00F1adir producto por Categoria/dropdown_Calcetines_Size&amp;apos; is clicked on</message>
  <nestedLevel>1</nestedLevel>
</record>
<record>
  <date>2020-10-06T00:44:09</date>
  <millis>1601959449483</millis>
  <sequence>343</sequence>
  <level>END</level>
  <class>com.kms.katalon.core.logging.XmlKeywordLogger</class>
  <method>endKeyword</method>
  <thread>1</thread>
  <message>End action : click(findTestObject(\&amp;quot;A\u00F1adir Producto al Carrito/A\u00F1adir producto por Categoria/dropdown_Calcetines_Size\&amp;quot;))</message>
  <nestedLevel>3</nestedLevel>
</record>
<record>
  <date>2020-10-06T00:44:09</date>
  <millis>1601959449483</millis>
  <sequence>344</sequence>
  <level>END</level>
  <class>com.kms.katalon.core.logging.XmlKeywordLogger</class>
  <method>endKeyword</method>
  <thread>1</thread>
  <message>End action : if (waitForElementPresent(findTestObject(\&amp;quot;A\u00F1adir Producto al Carrito/A\u00F1adir producto por Categoria/dropdown_Calcetines_Size\&amp;quot;), timeOut))</message>
  <nestedLevel>2</nestedLevel>
</record>
<record>
  <date>2020-10-06T00:44:09</date>
  <millis>1601959449484</millis>
  <sequence>345</sequence>
  <level>START</level>
  <class>com.kms.katalon.core.logging.XmlKeywordLogger</class>
  <method>startKeyword</method>
  <thread>1</thread>
  <message>Start action : if (waitForElementPresent(findTestObject(\&amp;quot;Object Repository/A\u00F1adir Producto al Carrito/A\u00F1adir producto por Categoria/btn_Color_Calcetines\&amp;quot;), timeOut))</message>
  <nestedLevel>2</nestedLevel>
  <property name="startLine">49</property>
  <property name="stepIndex">9</property>
</record>
<record>
  <date>2020-10-06T00:44:11</date>
  <millis>1601959451938</millis>
  <sequence>353</sequence>
  <level>PASSED</level>
  <class>com.kms.katalon.core.logging.XmlKeywordLogger</class>
  <method>logMessage</method>
  <thread>1</thread>
  <message>Object &amp;apos;Object Repository/A\u00F1adir Producto al Carrito/A\u00F1adir producto por Categoria/btn_Color_Calcetines&amp;apos; is present</message>
  <nestedLevel>1</nestedLevel>
</record>
<record>
  <date>2020-10-06T00:44:11</date>
  <millis>1601959451939</millis>
  <sequence>354</sequence>
  <level>START</level>
  <class>com.kms.katalon.core.logging.XmlKeywordLogger</class>
  <method>startKeyword</method>
  <thread>1</thread>
  <message>Start action : click(findTestObject(\&amp;quot;Object Repository/A\u00F1adir Producto al Carrito/A\u00F1adir producto por Categoria/btn_Color_Calcetines\&amp;quot;))</message>
  <nestedLevel>3</nestedLevel>
  <property name="startLine">50</property>
  <property name="stepIndex">1</property>
</record>
<record>
  <date>2020-10-06T00:44:13</date>
  <millis>1601959453016</millis>
  <sequence>363</sequence>
  <level>PASSED</level>
  <class>com.kms.katalon.core.logging.XmlKeywordLogger</class>
  <method>logMessage</method>
  <thread>1</thread>
  <message>Object: &amp;apos;Object Repository/A\u00F1adir Producto al Carrito/A\u00F1adir producto por Categoria/btn_Color_Calcetines&amp;apos; is clicked on</message>
  <nestedLevel>1</nestedLevel>
</record>
<record>
  <date>2020-10-06T00:44:13</date>
  <millis>1601959453017</millis>
  <sequence>364</sequence>
  <level>END</level>
  <class>com.kms.katalon.core.logging.XmlKeywordLogger</class>
  <method>endKeyword</method>
  <thread>1</thread>
  <message>End action : click(findTestObject(\&amp;quot;Object Repository/A\u00F1adir Producto al Carrito/A\u00F1adir producto por Categoria/btn_Color_Calcetines\&amp;quot;))</message>
  <nestedLevel>3</nestedLevel>
</record>
<record>
  <date>2020-10-06T00:44:13</date>
  <millis>1601959453017</millis>
  <sequence>365</sequence>
  <level>END</level>
  <class>com.kms.katalon.core.logging.XmlKeywordLogger</class>
  <method>endKeyword</method>
  <thread>1</thread>
  <message>End action : if (waitForElementPresent(findTestObject(\&amp;quot;Object Repository/A\u00F1adir Producto al Carrito/A\u00F1adir producto por Categoria/btn_Color_Calcetines\&amp;quot;), timeOut))</message>
  <nestedLevel>2</nestedLevel>
</record>
<record>
  <date>2020-10-06T00:44:13</date>
  <millis>1601959453018</millis>
  <sequence>366</sequence>
  <level>START</level>
  <class>com.kms.katalon.core.logging.XmlKeywordLogger</class>
  <method>startKeyword</method>
  <thread>1</thread>
  <message>Start action : colorSeleccionado = getText(findTestObject(\&amp;quot;Object Repository/A\u00F1adir Producto al Carrito/A\u00F1adir producto por Categoria/label_Color_Seleccionado\&amp;quot;))</message>
  <nestedLevel>2</nestedLevel>
  <property name="startLine">54</property>
  <property name="stepIndex">10</property>
</record>
<record>
  <date>2020-10-06T00:44:16</date>
  <millis>1601959456226</millis>
  <sequence>375</sequence>
  <level>PASSED</level>
  <class>com.kms.katalon.core.logging.XmlKeywordLogger</class>
  <method>logMessage</method>
  <thread>1</thread>
  <message>Text of object &amp;apos;Object Repository/A\u00F1adir Producto al Carrito/A\u00F1adir producto por Categoria/label_Color_Seleccionado&amp;apos; is: &amp;apos;Girl Stripes&amp;apos;</message>
  <nestedLevel>1</nestedLevel>
</record>
<record>
  <date>2020-10-06T00:44:16</date>
  <millis>1601959456227</millis>
  <sequence>376</sequence>
  <level>END</level>
  <class>com.kms.katalon.core.logging.XmlKeywordLogger</class>
  <method>endKeyword</method>
  <thread>1</thread>
  <message>End action : colorSeleccionado = getText(findTestObject(\&amp;quot;Object Repository/A\u00F1adir Producto al Carrito/A\u00F1adir producto por Categoria/label_Color_Seleccionado\&amp;quot;))</message>
  <nestedLevel>2</nestedLevel>
</record>
<record>
  <date>2020-10-06T00:44:16</date>
  <millis>1601959456228</millis>
  <sequence>377</sequence>
  <level>START</level>
  <class>com.kms.katalon.core.logging.XmlKeywordLogger</class>
  <method>startKeyword</method>
  <thread>1</thread>
  <message>Start action : println(colorSeleccionado)</message>
  <nestedLevel>2</nestedLevel>
  <property name="startLine">56</property>
  <property name="stepIndex">11</property>
</record>
<record>
  <date>2020-10-06T00:44:16</date>
  <millis>1601959456229</millis>
  <sequence>378</sequence>
  <level>END</level>
  <class>com.kms.katalon.core.logging.XmlKeywordLogger</class>
  <method>endKeyword</method>
  <thread>1</thread>
  <message>End action : println(colorSeleccionado)</message>
  <nestedLevel>2</nestedLevel>
</record>
<record>
  <date>2020-10-06T00:44:16</date>
  <millis>1601959456229</millis>
  <sequence>379</sequence>
  <level>START</level>
  <class>com.kms.katalon.core.logging.XmlKeywordLogger</class>
  <method>startKeyword</method>
  <thread>1</thread>
  <message>Start action : if (colorSeleccionado == colorMediaRosado)</message>
  <nestedLevel>2</nestedLevel>
  <property name="startLine">58</property>
  <property name="stepIndex">12</property>
</record>
<record>
  <date>2020-10-06T00:44:16</date>
  <millis>1601959456230</millis>
  <sequence>380</sequence>
  <level>START</level>
  <class>com.kms.katalon.core.logging.XmlKeywordLogger</class>
  <method>startKeyword</method>
  <thread>1</thread>
  <message>Start action : println(\&amp;quot;Color correcto!\&amp;quot;)</message>
  <nestedLevel>3</nestedLevel>
  <property name="startLine">59</property>
  <property name="stepIndex">1</property>
</record>
<record>
  <date>2020-10-06T00:44:16</date>
  <millis>1601959456232</millis>
  <sequence>381</sequence>
  <level>END</level>
  <class>com.kms.katalon.core.logging.XmlKeywordLogger</class>
  <method>endKeyword</method>
  <thread>1</thread>
  <message>End action : println(\&amp;quot;Color correcto!\&amp;quot;)</message>
  <nestedLevel>3</nestedLevel>
</record>
<record>
  <date>2020-10-06T00:44:16</date>
  <millis>1601959456232</millis>
  <sequence>382</sequence>
  <level>END</level>
  <class>com.kms.katalon.core.logging.XmlKeywordLogger</class>
  <method>endKeyword</method>
  <thread>1</thread>
  <message>End action : if (colorSeleccionado == colorMediaRosado)</message>
  <nestedLevel>2</nestedLevel>
</record>
<record>
  <date>2020-10-06T00:44:16</date>
  <millis>1601959456233</millis>
  <sequence>383</sequence>
  <level>START</level>
  <class>com.kms.katalon.core.logging.XmlKeywordLogger</class>
  <method>startKeyword</method>
  <thread>1</thread>
  <message>Start action : if (waitForElementPresent(findTestObject(\&amp;quot;Object Repository/A\u00F1adir Producto al Carrito/A\u00F1adir producto por Categoria/btn_A\u00F1adir_Carrito\&amp;quot;), timeOut))</message>
  <nestedLevel>2</nestedLevel>
  <property name="startLine">64</property>
  <property name="stepIndex">14</property>
</record>
<record>
  <date>2020-10-06T00:44:17</date>
  <millis>1601959457047</millis>
  <sequence>391</sequence>
  <level>PASSED</level>
  <class>com.kms.katalon.core.logging.XmlKeywordLogger</class>
  <method>logMessage</method>
  <thread>1</thread>
  <message>Object &amp;apos;Object Repository/A\u00F1adir Producto al Carrito/A\u00F1adir producto por Categoria/btn_A\u00F1adir_Carrito&amp;apos; is present</message>
  <nestedLevel>1</nestedLevel>
</record>
<record>
  <date>2020-10-06T00:44:17</date>
  <millis>1601959457047</millis>
  <sequence>392</sequence>
  <level>START</level>
  <class>com.kms.katalon.core.logging.XmlKeywordLogger</class>
  <method>startKeyword</method>
  <thread>1</thread>
  <message>Start action : click(findTestObject(\&amp;quot;Object Repository/A\u00F1adir Producto al Carrito/A\u00F1adir producto por Categoria/btn_A\u00F1adir_Carrito\&amp;quot;))</message>
  <nestedLevel>3</nestedLevel>
  <property name="startLine">65</property>
  <property name="stepIndex">1</property>
</record>
<record>
  <date>2020-10-06T00:44:18</date>
  <millis>1601959458891</millis>
  <sequence>401</sequence>
  <level>PASSED</level>
  <class>com.kms.katalon.core.logging.XmlKeywordLogger</class>
  <method>logMessage</method>
  <thread>1</thread>
  <message>Object: &amp;apos;Object Repository/A\u00F1adir Producto al Carrito/A\u00F1adir producto por Categoria/btn_A\u00F1adir_Carrito&amp;apos; is clicked on</message>
  <nestedLevel>1</nestedLevel>
</record>
<record>
  <date>2020-10-06T00:44:18</date>
  <millis>1601959458891</millis>
  <sequence>402</sequence>
  <level>END</level>
  <class>com.kms.katalon.core.logging.XmlKeywordLogger</class>
  <method>endKeyword</method>
  <thread>1</thread>
  <message>End action : click(findTestObject(\&amp;quot;Object Repository/A\u00F1adir Producto al Carrito/A\u00F1adir producto por Categoria/btn_A\u00F1adir_Carrito\&amp;quot;))</message>
  <nestedLevel>3</nestedLevel>
</record>
<record>
  <date>2020-10-06T00:44:18</date>
  <millis>1601959458892</millis>
  <sequence>403</sequence>
  <level>END</level>
  <class>com.kms.katalon.core.logging.XmlKeywordLogger</class>
  <method>endKeyword</method>
  <thread>1</thread>
  <message>End action : if (waitForElementPresent(findTestObject(\&amp;quot;Object Repository/A\u00F1adir Producto al Carrito/A\u00F1adir producto por Categoria/btn_A\u00F1adir_Carrito\&amp;quot;), timeOut))</message>
  <nestedLevel>2</nestedLevel>
</record>
<record>
  <date>2020-10-06T00:44:18</date>
  <millis>1601959458892</millis>
  <sequence>404</sequence>
  <level>START</level>
  <class>com.kms.katalon.core.logging.XmlKeywordLogger</class>
  <method>startKeyword</method>
  <thread>1</thread>
  <message>Start action : closeBrowser()</message>
  <nestedLevel>2</nestedLevel>
  <property name="startLine">68</property>
  <property name="stepIndex">15</property>
</record>
<record>
  <date>2020-10-06T00:44:20</date>
  <millis>1601959460162</millis>
  <sequence>406</sequence>
  <level>PASSED</level>
  <class>com.kms.katalon.core.logging.XmlKeywordLogger</class>
  <method>logMessage</method>
  <thread>1</thread>
  <message>Browser is closed</message>
  <nestedLevel>1</nestedLevel>
</record>
<record>
  <date>2020-10-06T00:44:20</date>
  <millis>1601959460163</millis>
  <sequence>407</sequence>
  <level>END</level>
  <class>com.kms.katalon.core.logging.XmlKeywordLogger</class>
  <method>endKeyword</method>
  <thread>1</thread>
  <message>End action : closeBrowser()</message>
  <nestedLevel>2</nestedLevel>
</record>
<record>
  <date>2020-10-06T00:44:20</date>
  <millis>1601959460163</millis>
  <sequence>408</sequence>
  <level>END</level>
  <class>com.kms.katalon.core.logging.XmlKeywordLogger</class>
  <method>endKeyword</method>
  <thread>1</thread>
  <message>End action : try</message>
  <nestedLevel>1</nestedLevel>
</record>
<record>
  <date>2020-10-06T00:44:20</date>
  <millis>1601959460164</millis>
  <sequence>409</sequence>
  <level>PASSED</level>
  <class>com.kms.katalon.core.logging.XmlKeywordLogger</class>
  <method>logMessage</method>
  <thread>1</thread>
  <message>Test Cases/A\u00F1adir Producto al Carrito/A\u00F1adir Producto por Barra de Busqueda</message>
  <nestedLevel>1</nestedLevel>
</record>
<record>
  <date>2020-10-06T00:44:20</date>
  <millis>1601959460164</millis>
  <sequence>410</sequence>
  <level>END</level>
  <class>com.kms.katalon.core.logging.XmlKeywordLogger</class>
  <method>endTest</method>
  <thread>1</thread>
  <message>End Test Case : Test Cases/A\u00F1adir Producto al Carrito/A\u00F1adir Producto por Barra de Busqueda</message>
  <nestedLevel>0</nestedLevel>
</record>
<record>
  <date>2020-10-06T00:44:20</date>
  <millis>1601959460165</millis>
  <sequence>411</sequence>
  <level>START</level>
  <class>com.kms.katalon.core.logging.XmlKeywordLogger</class>
  <method>startKeyword</method>
  <thread>1</thread>
  <message>Start listener action : exportKatalonReports</message>
  <nestedLevel>0</nestedLevel>
</record>
<record>
  <date>2020-10-06T00:44:20</date>
  <millis>1601959460166</millis>
  <sequence>413</sequence>
  <level>INFO</level>
  <class>com.kms.katalon.core.logging.XmlKeywordLogger</class>
  <method>logMessage</method>
  <thread>1</thread>
  <message>This Katalon Studio version has been deprecated. Please upgrade Katalon Studio to the latest version.</message>
  <nestedLevel>0</nestedLevel>
</record>
<record>
  <date>2020-10-06T00:44:20</date>
  <millis>1601959460458</millis>
  <sequence>738</sequence>
  <level>INFO</level>
  <class>com.kms.katalon.core.logging.XmlKeywordLogger</class>
  <method>logMessage</method>
  <thread>1</thread>
  <message>Start generating HTML report folder at: C:\\Users\\Karina\\Desktop\\Automation-Test-Oriontek\\Reports\\20201006_004226\\A\u00F1adir producto Carrito Amazon\\20201006_004226...</message>
  <nestedLevel>0</nestedLevel>
</record>
<record>
  <date>2020-10-06T00:44:20</date>
  <millis>1601959460480</millis>
  <sequence>739</sequence>
  <level>INFO</level>
  <class>com.kms.katalon.core.logging.XmlKeywordLogger</class>
  <method>logMessage</method>
  <thread>1</thread>
  <message>HTML report generated</message>
  <nestedLevel>0</nestedLevel>
</record>
<record>
  <date>2020-10-06T00:44:20</date>
  <millis>1601959460481</millis>
  <sequence>740</sequence>
  <level>INFO</level>
  <class>com.kms.katalon.core.logging.XmlKeywordLogger</class>
  <method>logMessage</method>
  <thread>1</thread>
  <message>Start generating CSV report folder at: C:\\Users\\Karina\\Desktop\\Automation-Test-Oriontek\\Reports\\20201006_004226\\A\u00F1adir producto Carrito Amazon\\20201006_004226...</message>
  <nestedLevel>0</nestedLevel>
</record>
<record>
  <date>2020-10-06T00:44:20</date>
  <millis>1601959460512</millis>
  <sequence>741</sequence>
  <level>INFO</level>
  <class>com.kms.katalon.core.logging.XmlKeywordLogger</class>
  <method>logMessage</method>
  <thread>1</thread>
  <message>CSV report generated</message>
  <nestedLevel>0</nestedLevel>
</record>
<record>
  <date>2020-10-06T00:44:20</date>
  <millis>1601959460513</millis>
  <sequence>742</sequence>
  <level>INFO</level>
  <class>com.kms.katalon.core.logging.XmlKeywordLogger</class>
  <method>logMessage</method>
  <thread>1</thread>
  <message>Start generating JUnit report folder at: C:\\Users\\Karina\\Desktop\\Automation-Test-Oriontek\\Reports\\20201006_004226\\A\u00F1adir producto Carrito Amazon\\20201006_004226...</message>
  <nestedLevel>0</nestedLevel>
</record>
<record>
  <date>2020-10-06T00:44:20</date>
  <millis>1601959460750</millis>
  <sequence>743</sequence>
  <level>INFO</level>
  <class>com.kms.katalon.core.logging.XmlKeywordLogger</class>
  <method>logMessage</method>
  <thread>1</thread>
  <message>JUnit report generated</message>
  <nestedLevel>0</nestedLevel>
</record>
<record>
  <date>2020-10-06T00:44:20</date>
  <millis>1601959460751</millis>
  <sequence>745</sequence>
  <level>END</level>
  <class>com.kms.katalon.core.logging.XmlKeywordLogger</class>
  <method>endKeyword</method>
  <thread>1</thread>
  <message>End listener action : exportKatalonReports</message>
  <nestedLevel>0</nestedLevel>
</record>
<record>
  <date>2020-10-06T00:44:20</date>
  <millis>1601959460824</millis>
  <sequence>746</sequence>
  <level>END</level>
  <class>com.kms.katalon.core.logging.XmlKeywordLogger</class>
  <method>endSuite</method>
  <thread>1</thread>
  <message>End Test Suite : Test Suites/A\u00F1adir producto Carrito Amazon</message>
  <nestedLevel>0</nestedLevel>
</record>
</log>